TN:
SF:lib/commands/agent.js
FN:26,agentCommand
FN:67,listAgents
FN:114,(anonymous_2)
FN:130,(anonymous_3)
FN:144,enableAgentCommand
FN:200,disableAgentCommand
FN:256,showAgentInfo
FN:378,(anonymous_7)
FN:384,(anonymous_8)
FN:404,syncAgents
FN:433,(anonymous_10)
FN:442,(anonymous_11)
FN:457,showHelp
FNF:13
FNH:0
FNDA:0,agentCommand
FNDA:0,listAgents
FNDA:0,(anonymous_2)
FNDA:0,(anonymous_3)
FNDA:0,enableAgentCommand
FNDA:0,disableAgentCommand
FNDA:0,showAgentInfo
FNDA:0,(anonymous_7)
FNDA:0,(anonymous_8)
FNDA:0,syncAgents
FNDA:0,(anonymous_10)
FNDA:0,(anonymous_11)
FNDA:0,showHelp
DA:1,0
DA:2,0
DA:3,0
DA:12,0
DA:13,0
DA:27,0
DA:29,0
DA:32,0
DA:33,0
DA:34,0
DA:35,0
DA:37,0
DA:40,0
DA:41,0
DA:42,0
DA:43,0
DA:45,0
DA:48,0
DA:49,0
DA:50,0
DA:51,0
DA:53,0
DA:56,0
DA:59,0
DA:60,0
DA:68,0
DA:70,0
DA:71,0
DA:72,0
DA:73,0
DA:75,0
DA:78,0
DA:79,0
DA:80,0
DA:83,0
DA:111,0
DA:112,0
DA:113,0
DA:114,0
DA:116,0
DA:120,0
DA:124,0
DA:125,0
DA:126,0
DA:130,0
DA:131,0
DA:134,0
DA:135,0
DA:136,0
DA:137,0
DA:138,0
DA:145,0
DA:147,0
DA:148,0
DA:149,0
DA:152,0
DA:153,0
DA:154,0
DA:155,0
DA:159,0
DA:160,0
DA:161,0
DA:162,0
DA:165,0
DA:167,0
DA:169,0
DA:171,0
DA:174,0
DA:175,0
DA:184,0
DA:185,0
DA:187,0
DA:191,0
DA:192,0
DA:193,0
DA:201,0
DA:203,0
DA:204,0
DA:205,0
DA:208,0
DA:209,0
DA:210,0
DA:211,0
DA:215,0
DA:216,0
DA:217,0
DA:218,0
DA:221,0
DA:223,0
DA:225,0
DA:227,0
DA:230,0
DA:231,0
DA:240,0
DA:241,0
DA:243,0
DA:247,0
DA:248,0
DA:249,0
DA:257,0
DA:354,0
DA:356,0
DA:357,0
DA:358,0
DA:359,0
DA:362,0
DA:363,0
DA:365,0
DA:366,0
DA:367,0
DA:369,0
DA:370,0
DA:371,0
DA:373,0
DA:375,0
DA:377,0
DA:378,0
DA:379,0
DA:381,0
DA:383,0
DA:384,0
DA:385,0
DA:387,0
DA:389,0
DA:390,0
DA:391,0
DA:392,0
DA:394,0
DA:395,0
DA:397,0
DA:405,0
DA:409,0
DA:410,0
DA:411,0
DA:412,0
DA:413,0
DA:416,0
DA:423,0
DA:424,0
DA:427,0
DA:428,0
DA:429,0
DA:433,0
DA:435,0
DA:436,0
DA:438,0
DA:442,0
DA:443,0
DA:446,0
DA:447,0
DA:449,0
DA:450,0
DA:458,0
DA:459,0
DA:460,0
DA:462,0
DA:463,0
DA:464,0
DA:465,0
DA:466,0
DA:467,0
DA:469,0
DA:470,0
DA:471,0
DA:472,0
DA:473,0
DA:474,0
DA:475,0
DA:477,0
DA:478,0
DA:479,0
DA:480,0
DA:481,0
DA:482,0
DA:485,0
LF:175
LH:0
BRDA:26,0,0,0
BRDA:27,1,0,0
BRDA:27,1,1,0
BRDA:27,1,2,0
BRDA:27,1,3,0
BRDA:27,1,4,0
BRDA:27,1,5,0
BRDA:32,2,0,0
BRDA:32,2,1,0
BRDA:40,3,0,0
BRDA:40,3,1,0
BRDA:48,4,0,0
BRDA:48,4,1,0
BRDA:71,5,0,0
BRDA:71,5,1,0
BRDA:112,6,0,0
BRDA:112,6,1,0
BRDA:116,7,0,0
BRDA:116,7,1,0
BRDA:120,8,0,0
BRDA:120,8,1,0
BRDA:131,9,0,0
BRDA:131,9,1,0
BRDA:147,10,0,0
BRDA:147,10,1,0
BRDA:152,11,0,0
BRDA:152,11,1,0
BRDA:160,12,0,0
BRDA:160,12,1,0
BRDA:160,13,0,0
BRDA:160,13,1,0
BRDA:174,14,0,0
BRDA:174,14,1,0
BRDA:184,15,0,0
BRDA:184,15,1,0
BRDA:203,16,0,0
BRDA:203,16,1,0
BRDA:208,17,0,0
BRDA:208,17,1,0
BRDA:216,18,0,0
BRDA:216,18,1,0
BRDA:216,19,0,0
BRDA:216,19,1,0
BRDA:230,20,0,0
BRDA:230,20,1,0
BRDA:240,21,0,0
BRDA:240,21,1,0
BRDA:356,22,0,0
BRDA:356,22,1,0
BRDA:363,23,0,0
BRDA:363,23,1,0
BRDA:363,23,2,0
BRDA:370,24,0,0
BRDA:370,24,1,0
BRDA:373,25,0,0
BRDA:373,25,1,0
BRDA:389,26,0,0
BRDA:389,26,1,0
BRDA:390,27,0,0
BRDA:390,27,1,0
BRDA:404,28,0,0
BRDA:405,29,0,0
BRDA:405,29,1,0
BRDA:411,30,0,0
BRDA:411,30,1,0
BRDA:412,31,0,0
BRDA:412,31,1,0
BRDA:418,32,0,0
BRDA:418,32,1,0
BRDA:419,33,0,0
BRDA:419,33,1,0
BRDA:428,34,0,0
BRDA:428,34,1,0
BRDA:435,35,0,0
BRDA:435,35,1,0
BRDA:436,36,0,0
BRDA:436,36,1,0
BRDA:438,37,0,0
BRDA:438,37,1,0
BRDA:442,38,0,0
BRDA:442,38,1,0
BRDA:443,39,0,0
BRDA:443,39,1,0
BRDA:446,40,0,0
BRDA:446,40,1,0
BRF:85
BRH:0
end_of_record
TN:
SF:lib/commands/ai.js
FN:10,listAIs
FN:31,(anonymous_1)
FN:53,addAI
FN:108,removeAI
FN:136,(anonymous_4)
FN:151,syncAIs
FN:175,diffAIs
FN:183,aiCommand
FNF:8
FNH:0
FNDA:0,listAIs
FNDA:0,(anonymous_1)
FNDA:0,addAI
FNDA:0,removeAI
FNDA:0,(anonymous_4)
FNDA:0,syncAIs
FNDA:0,diffAIs
FNDA:0,aiCommand
DA:1,0
DA:2,0
DA:3,0
DA:11,0
DA:13,0
DA:14,0
DA:17,0
DA:18,0
DA:20,0
DA:21,0
DA:22,0
DA:23,0
DA:27,0
DA:28,0
DA:29,0
DA:30,0
DA:31,0
DA:33,0
DA:34,0
DA:35,0
DA:37,0
DA:38,0
DA:41,0
DA:46,0
DA:47,0
DA:50,0
DA:54,0
DA:55,0
DA:56,0
DA:58,0
DA:59,0
DA:60,0
DA:61,0
DA:64,0
DA:65,0
DA:67,0
DA:68,0
DA:69,0
DA:70,0
DA:74,0
DA:75,0
DA:76,0
DA:77,0
DA:80,0
DA:82,0
DA:83,0
DA:86,0
DA:89,0
DA:90,0
DA:92,0
DA:95,0
DA:96,0
DA:99,0
DA:101,0
DA:102,0
DA:104,0
DA:109,0
DA:110,0
DA:111,0
DA:112,0
DA:115,0
DA:117,0
DA:118,0
DA:119,0
DA:122,0
DA:123,0
DA:124,0
DA:125,0
DA:126,0
DA:129,0
DA:130,0
DA:131,0
DA:132,0
DA:136,0
DA:139,0
DA:140,0
DA:143,0
DA:145,0
DA:147,0
DA:152,0
DA:154,0
DA:155,0
DA:157,0
DA:158,0
DA:159,0
DA:162,0
DA:163,0
DA:165,0
DA:167,0
DA:168,0
DA:169,0
DA:170,0
DA:172,0
DA:176,0
DA:177,0
DA:184,0
DA:187,0
DA:188,0
DA:191,0
DA:192,0
DA:196,0
DA:197,0
DA:200,0
DA:201,0
DA:204,0
DA:205,0
DA:209,0
DA:210,0
DA:211,0
DA:212,0
DA:213,0
DA:214,0
DA:215,0
DA:216,0
DA:217,0
DA:220,0
DA:221,0
DA:222,0
DA:223,0
DA:224,0
DA:225,0
DA:226,0
DA:227,0
DA:229,0
DA:233,0
DA:234,0
DA:235,0
DA:236,0
DA:237,0
DA:238,0
DA:242,0
LF:131
LH:0
BRDA:13,0,0,0
BRDA:13,0,1,0
BRDA:18,1,0,0
BRDA:18,1,1,0
BRDA:20,2,0,0
BRDA:20,2,1,0
BRDA:33,3,0,0
BRDA:33,3,1,0
BRDA:46,4,0,0
BRDA:46,4,1,0
BRDA:54,5,0,0
BRDA:54,5,1,0
BRDA:67,6,0,0
BRDA:67,6,1,0
BRDA:74,7,0,0
BRDA:74,7,1,0
BRDA:75,8,0,0
BRDA:75,8,1,0
BRDA:75,9,0,0
BRDA:75,9,1,0
BRDA:82,10,0,0
BRDA:82,10,1,0
BRDA:89,11,0,0
BRDA:89,11,1,0
BRDA:95,12,0,0
BRDA:95,12,1,0
BRDA:109,13,0,0
BRDA:109,13,1,0
BRDA:115,14,0,0
BRDA:115,14,1,0
BRDA:117,15,0,0
BRDA:117,15,1,0
BRDA:117,16,0,0
BRDA:117,16,1,0
BRDA:130,17,0,0
BRDA:130,17,1,0
BRDA:139,18,0,0
BRDA:139,18,1,0
BRDA:140,19,0,0
BRDA:140,19,1,0
BRDA:154,20,0,0
BRDA:154,20,1,0
BRDA:155,21,0,0
BRDA:155,21,1,0
BRDA:157,22,0,0
BRDA:157,22,1,0
BRDA:163,23,0,0
BRDA:163,23,1,0
BRDA:169,24,0,0
BRDA:169,24,1,0
BRDA:184,25,0,0
BRDA:184,25,1,0
BRDA:184,25,2,0
BRDA:184,25,3,0
BRDA:184,25,4,0
BRDA:184,25,5,0
BRDA:184,25,6,0
BRDA:184,25,7,0
BRDA:227,26,0,0
BRDA:227,26,1,0
BRF:60
BRH:0
end_of_record
TN:
SF:lib/commands/components.js
FN:14,componentsCommand
FN:43,promptAction
FN:60,installComponents
FN:137,(anonymous_3)
FN:150,(anonymous_4)
FN:166,(anonymous_5)
FN:169,(anonymous_6)
FN:269,listComponents
FN:277,(anonymous_8)
FN:312,updateComponents
FN:362,createIndexFile
FN:370,(anonymous_11)
FN:379,generateTailwindConfig
FNF:13
FNH:0
FNDA:0,componentsCommand
FNDA:0,promptAction
FNDA:0,installComponents
FNDA:0,(anonymous_3)
FNDA:0,(anonymous_4)
FNDA:0,(anonymous_5)
FNDA:0,(anonymous_6)
FNDA:0,listComponents
FNDA:0,(anonymous_8)
FNDA:0,updateComponents
FNDA:0,createIndexFile
FNDA:0,(anonymous_11)
FNDA:0,generateTailwindConfig
DA:3,0
DA:4,0
DA:5,0
DA:6,0
DA:7,0
DA:15,0
DA:18,0
DA:19,0
DA:20,0
DA:23,0
DA:25,0
DA:28,0
DA:29,0
DA:30,0
DA:32,0
DA:33,0
DA:35,0
DA:36,0
DA:38,0
DA:39,0
DA:44,0
DA:57,0
DA:61,0
DA:64,0
DA:65,0
DA:66,0
DA:68,0
DA:69,0
DA:70,0
DA:71,0
DA:77,0
DA:79,0
DA:87,0
DA:137,0
DA:150,0
DA:156,0
DA:159,0
DA:160,0
DA:165,0
DA:166,0
DA:168,0
DA:169,0
DA:174,0
DA:176,0
DA:179,0
DA:182,0
DA:185,0
DA:208,0
DA:209,0
DA:210,0
DA:211,0
DA:212,0
DA:213,0
DA:216,0
DA:217,0
DA:219,0
DA:220,0
DA:221,0
DA:222,0
DA:224,0
DA:229,0
DA:230,0
DA:231,0
DA:232,0
DA:233,0
DA:237,0
DA:238,0
DA:239,0
DA:243,0
DA:244,0
DA:247,0
DA:250,0
DA:251,0
DA:253,0
DA:254,0
DA:255,0
DA:257,0
DA:258,0
DA:259,0
DA:262,0
DA:263,0
DA:264,0
DA:265,0
DA:266,0
DA:270,0
DA:273,0
DA:276,0
DA:277,0
DA:278,0
DA:279,0
DA:281,0
DA:285,0
DA:286,0
DA:288,0
DA:289,0
DA:290,0
DA:291,0
DA:295,0
DA:296,0
DA:297,0
DA:299,0
DA:300,0
DA:301,0
DA:302,0
DA:303,0
DA:304,0
DA:306,0
DA:307,0
DA:308,0
DA:309,0
DA:313,0
DA:316,0
DA:331,0
DA:332,0
DA:333,0
DA:336,0
DA:338,0
DA:339,0
DA:340,0
DA:344,0
DA:345,0
DA:347,0
DA:348,0
DA:349,0
DA:350,0
DA:352,0
DA:353,0
DA:354,0
DA:355,0
DA:359,0
DA:363,0
DA:370,0
DA:376,0
DA:380,0
DA:381,0
DA:383,0
DA:385,0
DA:386,0
DA:387,0
DA:390,0
DA:394,0
DA:397,0
LF:142
LH:0
BRDA:14,0,0,0
BRDA:18,1,0,0
BRDA:18,1,1,0
BRDA:23,2,0,0
BRDA:23,2,1,0
BRDA:25,3,0,0
BRDA:25,3,1,0
BRDA:25,3,2,0
BRDA:25,3,3,0
BRDA:60,4,0,0
BRDA:65,5,0,0
BRDA:65,5,1,0
BRDA:66,6,0,0
BRDA:66,6,1,0
BRDA:68,7,0,0
BRDA:68,7,1,0
BRDA:68,8,0,0
BRDA:68,8,1,0
BRDA:77,9,0,0
BRDA:77,9,1,0
BRDA:80,10,0,0
BRDA:80,10,1,0
BRDA:81,11,0,0
BRDA:81,11,1,0
BRDA:136,12,0,0
BRDA:136,12,1,0
BRDA:150,13,0,0
BRDA:150,13,1,0
BRDA:159,14,0,0
BRDA:159,14,1,0
BRDA:165,15,0,0
BRDA:165,15,1,0
BRDA:168,16,0,0
BRDA:168,16,1,0
BRDA:211,17,0,0
BRDA:211,17,1,0
BRDA:219,18,0,0
BRDA:219,18,1,0
BRDA:229,19,0,0
BRDA:229,19,1,0
BRDA:237,20,0,0
BRDA:237,20,1,0
BRDA:278,21,0,0
BRDA:278,21,1,0
BRDA:289,22,0,0
BRDA:289,22,1,0
BRDA:331,23,0,0
BRDA:331,23,1,0
BRDA:338,24,0,0
BRDA:338,24,1,0
BRDA:352,25,0,0
BRDA:352,25,1,0
BRDA:352,26,0,0
BRDA:352,26,1,0
BRDA:385,27,0,0
BRDA:385,27,1,0
BRF:56
BRH:0
end_of_record
TN:
SF:lib/commands/config.js
FN:9,configCommand
FN:49,handleGet
FN:71,handleSet
FN:76,(anonymous_3)
FN:121,handleList
FN:126,(anonymous_5)
FN:148,handleRemove
FN:171,handleInit
FN:177,(anonymous_8)
FN:195,showHelp
FNF:10
FNH:0
FNDA:0,configCommand
FNDA:0,handleGet
FNDA:0,handleSet
FNDA:0,(anonymous_3)
FNDA:0,handleList
FNDA:0,(anonymous_5)
FNDA:0,handleRemove
FNDA:0,handleInit
FNDA:0,(anonymous_8)
FNDA:0,showHelp
DA:1,0
DA:2,0
DA:10,0
DA:12,0
DA:13,0
DA:14,0
DA:17,0
DA:18,0
DA:20,0
DA:21,0
DA:23,0
DA:24,0
DA:26,0
DA:27,0
DA:30,0
DA:31,0
DA:33,0
DA:34,0
DA:36,0
DA:37,0
DA:38,0
DA:41,0
DA:42,0
DA:50,0
DA:51,0
DA:53,0
DA:54,0
DA:55,0
DA:56,0
DA:59,0
DA:61,0
DA:62,0
DA:64,0
DA:73,0
DA:76,0
DA:77,0
DA:78,0
DA:79,0
DA:81,0
DA:84,0
DA:85,0
DA:87,0
DA:88,0
DA:89,0
DA:90,0
DA:91,0
DA:92,0
DA:93,0
DA:94,0
DA:95,0
DA:99,0
DA:100,0
DA:101,0
DA:102,0
DA:106,0
DA:108,0
DA:109,0
DA:111,0
DA:112,0
DA:113,0
DA:114,0
DA:122,0
DA:124,0
DA:126,0
DA:127,0
DA:128,0
DA:130,0
DA:139,0
DA:140,0
DA:141,0
DA:142,0
DA:149,0
DA:150,0
DA:152,0
DA:153,0
DA:154,0
DA:155,0
DA:158,0
DA:160,0
DA:161,0
DA:162,0
DA:164,0
DA:172,0
DA:173,0
DA:174,0
DA:175,0
DA:176,0
DA:177,0
DA:178,0
DA:180,0
DA:181,0
DA:183,0
DA:184,0
DA:185,0
DA:187,0
DA:196,0
DA:198,0
DA:199,0
DA:201,0
DA:202,0
DA:203,0
DA:204,0
DA:205,0
DA:206,0
DA:207,0
DA:209,0
DA:210,0
DA:211,0
DA:212,0
DA:214,0
DA:215,0
DA:216,0
DA:218,0
DA:219,0
DA:220,0
DA:222,0
DA:223,0
DA:224,0
DA:226,0
DA:227,0
DA:228,0
DA:230,0
DA:231,0
DA:233,0
DA:234,0
DA:236,0
DA:237,0
DA:239,0
DA:240,0
DA:242,0
DA:243,0
DA:246,0
LF:132
LH:0
BRDA:12,0,0,0
BRDA:12,0,1,0
BRDA:12,1,0,0
BRDA:12,1,1,0
BRDA:18,2,0,0
BRDA:18,2,1,0
BRDA:18,2,2,0
BRDA:18,2,3,0
BRDA:18,2,4,0
BRDA:18,2,5,0
BRDA:18,2,6,0
BRDA:51,3,0,0
BRDA:51,3,1,0
BRDA:53,4,0,0
BRDA:53,4,1,0
BRDA:61,5,0,0
BRDA:61,5,1,0
BRDA:77,6,0,0
BRDA:77,6,1,0
BRDA:77,7,0,0
BRDA:77,7,1,0
BRDA:87,8,0,0
BRDA:87,8,1,0
BRDA:87,9,0,0
BRDA:87,9,1,0
BRDA:99,10,0,0
BRDA:99,10,1,0
BRDA:99,11,0,0
BRDA:99,11,1,0
BRDA:100,12,0,0
BRDA:100,12,1,0
BRDA:100,13,0,0
BRDA:100,13,1,0
BRDA:108,14,0,0
BRDA:108,14,1,0
BRDA:111,15,0,0
BRDA:111,15,1,0
BRDA:111,16,0,0
BRDA:111,16,1,0
BRDA:127,17,0,0
BRDA:127,17,1,0
BRDA:127,18,0,0
BRDA:127,18,1,0
BRDA:128,19,0,0
BRDA:128,19,1,0
BRDA:128,20,0,0
BRDA:128,20,1,0
BRDA:150,21,0,0
BRDA:150,21,1,0
BRDA:152,22,0,0
BRDA:152,22,1,0
BRDA:160,23,0,0
BRDA:160,23,1,0
BRDA:161,24,0,0
BRDA:161,24,1,0
BRDA:183,25,0,0
BRDA:183,25,1,0
BRF:57
BRH:0
end_of_record
TN:
SF:lib/commands/cwds.js
FN:16,cwdsCommand
FN:23,(anonymous_1)
FN:27,(anonymous_2)
FNF:3
FNH:0
FNDA:0,cwdsCommand
FNDA:0,(anonymous_1)
FNDA:0,(anonymous_2)
DA:3,0
DA:4,0
DA:5,0
DA:17,0
DA:19,0
DA:21,0
DA:23,0
DA:24,0
DA:25,0
DA:26,0
DA:27,0
DA:28,0
DA:29,0
DA:30,0
DA:35,0
DA:36,0
DA:37,0
DA:39,0
DA:42,0
DA:43,0
DA:45,0
DA:47,0
DA:49,0
DA:59,0
DA:61,0
DA:64,0
DA:65,0
DA:68,0
DA:71,0
DA:72,0
DA:73,0
DA:74,0
DA:75,0
DA:78,0
LF:34
LH:0
BRDA:16,0,0,0
BRDA:16,1,0,0
BRDA:17,2,0,0
BRDA:17,2,1,0
BRDA:25,3,0,0
BRDA:25,3,1,0
BRDA:42,4,0,0
BRDA:42,4,1,0
BRDA:45,5,0,0
BRDA:45,5,1,0
BRF:10
BRH:0
end_of_record
TN:
SF:lib/commands/dashboard.js
FN:21,(anonymous_0)
FN:54,(anonymous_1)
FN:83,(anonymous_2)
FN:89,(anonymous_3)
FN:93,(anonymous_4)
FN:97,(anonymous_5)
FN:101,(anonymous_6)
FN:106,(anonymous_7)
FN:118,(anonymous_8)
FN:119,(anonymous_9)
FN:125,(anonymous_10)
FN:142,(anonymous_11)
FN:153,(anonymous_12)
FN:186,(anonymous_13)
FN:218,(anonymous_14)
FN:235,(anonymous_15)
FNF:16
FNH:0
FNDA:0,(anonymous_0)
FNDA:0,(anonymous_1)
FNDA:0,(anonymous_2)
FNDA:0,(anonymous_3)
FNDA:0,(anonymous_4)
FNDA:0,(anonymous_5)
FNDA:0,(anonymous_6)
FNDA:0,(anonymous_7)
FNDA:0,(anonymous_8)
FNDA:0,(anonymous_9)
FNDA:0,(anonymous_10)
FNDA:0,(anonymous_11)
FNDA:0,(anonymous_12)
FNDA:0,(anonymous_13)
FNDA:0,(anonymous_14)
FNDA:0,(anonymous_15)
DA:6,0
DA:7,0
DA:8,0
DA:9,0
DA:10,0
DA:11,0
DA:22,0
DA:23,0
DA:24,0
DA:26,0
DA:28,0
DA:30,0
DA:31,0
DA:32,0
DA:34,0
DA:35,0
DA:36,0
DA:37,0
DA:41,0
DA:42,0
DA:45,0
DA:54,0
DA:55,0
DA:56,0
DA:57,0
DA:58,0
DA:59,0
DA:61,0
DA:62,0
DA:63,0
DA:64,0
DA:65,0
DA:66,0
DA:67,0
DA:68,0
DA:69,0
DA:70,0
DA:71,0
DA:72,0
DA:74,0
DA:75,0
DA:76,0
DA:77,0
DA:78,0
DA:80,0
DA:83,0
DA:84,0
DA:85,0
DA:86,0
DA:89,0
DA:90,0
DA:93,0
DA:94,0
DA:97,0
DA:98,0
DA:101,0
DA:102,0
DA:106,0
DA:107,0
DA:108,0
DA:109,0
DA:110,0
DA:111,0
DA:113,0
DA:114,0
DA:118,0
DA:119,0
DA:122,0
DA:125,0
DA:127,0
DA:128,0
DA:130,0
DA:131,0
DA:134,0
DA:143,0
DA:146,0
DA:154,0
DA:155,0
DA:157,0
DA:159,0
DA:160,0
DA:164,0
DA:165,0
DA:166,0
DA:167,0
DA:168,0
DA:169,0
DA:170,0
DA:171,0
DA:172,0
DA:174,0
DA:177,0
DA:178,0
DA:187,0
DA:188,0
DA:189,0
DA:191,0
DA:193,0
DA:195,0
DA:199,0
DA:200,0
DA:203,0
DA:206,0
DA:207,0
DA:210,0
DA:211,0
DA:212,0
DA:213,0
DA:215,0
DA:218,0
DA:219,0
DA:220,0
DA:222,0
DA:226,0
DA:227,0
DA:236,0
DA:238,0
DA:520,0
DA:523,0
DA:524,0
DA:525,0
DA:530,0
LF:122
LH:0
BRDA:21,0,0,0
BRDA:22,1,0,0
BRDA:22,1,1,0
BRDA:22,1,2,0
BRDA:23,2,0,0
BRDA:23,2,1,0
BRDA:23,2,2,0
BRDA:24,3,0,0
BRDA:24,3,1,0
BRDA:34,4,0,0
BRDA:34,4,1,0
BRDA:130,5,0,0
BRDA:130,5,1,0
BRDA:130,6,0,0
BRDA:130,6,1,0
BRDA:142,7,0,0
BRDA:153,8,0,0
BRDA:154,9,0,0
BRDA:154,9,1,0
BRDA:154,9,2,0
BRDA:155,10,0,0
BRDA:155,10,1,0
BRDA:155,10,2,0
BRDA:164,11,0,0
BRDA:164,11,1,0
BRDA:169,12,0,0
BRDA:169,12,1,0
BRDA:170,13,0,0
BRDA:170,13,1,0
BRDA:171,14,0,0
BRDA:171,14,1,0
BRDA:172,15,0,0
BRDA:172,15,1,0
BRDA:186,16,0,0
BRDA:187,17,0,0
BRDA:187,17,1,0
BRDA:187,17,2,0
BRDA:188,18,0,0
BRDA:188,18,1,0
BRDA:188,18,2,0
BRDA:199,19,0,0
BRDA:199,19,1,0
BRDA:210,20,0,0
BRDA:210,20,1,0
BRDA:212,21,0,0
BRDA:212,21,1,0
BRDA:219,22,0,0
BRDA:219,22,1,0
BRDA:235,23,0,0
BRDA:523,24,0,0
BRDA:523,24,1,0
BRF:51
BRH:0
end_of_record
TN:
SF:lib/commands/github-project.js
FN:15,githubProjectCommand
FN:29,setupGitHubProject
FN:155,(anonymous_2)
FN:182,(anonymous_3)
FN:246,(anonymous_4)
FN:365,createNewProject
FN:374,(anonymous_6)
FN:481,testGitHubProject
FN:559,(anonymous_8)
FN:560,(anonymous_9)
FNF:10
FNH:0
FNDA:0,githubProjectCommand
FNDA:0,setupGitHubProject
FNDA:0,(anonymous_2)
FNDA:0,(anonymous_3)
FNDA:0,(anonymous_4)
FNDA:0,createNewProject
FNDA:0,(anonymous_6)
FNDA:0,testGitHubProject
FNDA:0,(anonymous_8)
FNDA:0,(anonymous_9)
DA:1,0
DA:2,0
DA:3,0
DA:4,0
DA:5,0
DA:6,0
DA:16,0
DA:17,0
DA:18,0
DA:19,0
DA:21,0
DA:22,0
DA:23,0
DA:24,0
DA:25,0
DA:30,0
DA:33,0
DA:35,0
DA:36,0
DA:37,0
DA:38,0
DA:40,0
DA:41,0
DA:42,0
DA:43,0
DA:47,0
DA:49,0
DA:50,0
DA:53,0
DA:54,0
DA:55,0
DA:56,0
DA:57,0
DA:59,0
DA:68,0
DA:69,0
DA:70,0
DA:71,0
DA:73,0
DA:74,0
DA:77,0
DA:80,0
DA:81,0
DA:82,0
DA:83,0
DA:89,0
DA:91,0
DA:92,0
DA:96,0
DA:97,0
DA:100,0
DA:101,0
DA:103,0
DA:104,0
DA:106,0
DA:107,0
DA:111,0
DA:113,0
DA:114,0
DA:116,0
DA:120,0
DA:121,0
DA:123,0
DA:124,0
DA:125,0
DA:127,0
DA:136,0
DA:137,0
DA:139,0
DA:140,0
DA:141,0
DA:145,0
DA:147,0
DA:148,0
DA:149,0
DA:153,0
DA:155,0
DA:161,0
DA:167,0
DA:177,0
DA:178,0
DA:182,0
DA:183,0
DA:185,0
DA:186,0
DA:189,0
DA:191,0
DA:193,0
DA:195,0
DA:196,0
DA:198,0
DA:199,0
DA:200,0
DA:201,0
DA:205,0
DA:206,0
DA:207,0
DA:208,0
DA:210,0
DA:219,0
DA:220,0
DA:221,0
DA:222,0
DA:223,0
DA:224,0
DA:225,0
DA:227,0
DA:230,0
DA:231,0
DA:233,0
DA:234,0
DA:235,0
DA:236,0
DA:238,0
DA:241,0
DA:247,0
DA:248,0
DA:249,0
DA:251,0
DA:257,0
DA:258,0
DA:259,0
DA:260,0
DA:261,0
DA:262,0
DA:264,0
DA:265,0
DA:266,0
DA:267,0
DA:270,0
DA:271,0
DA:272,0
DA:273,0
DA:274,0
DA:277,0
DA:281,0
DA:283,0
DA:284,0
DA:286,0
DA:288,0
DA:290,0
DA:314,0
DA:315,0
DA:316,0
DA:318,0
DA:321,0
DA:322,0
DA:326,0
DA:328,0
DA:329,0
DA:330,0
DA:339,0
DA:340,0
DA:341,0
DA:343,0
DA:347,0
DA:348,0
DA:349,0
DA:350,0
DA:351,0
DA:352,0
DA:354,0
DA:355,0
DA:356,0
DA:357,0
DA:358,0
DA:359,0
DA:360,0
DA:362,0
DA:366,0
DA:368,0
DA:375,0
DA:376,0
DA:387,0
DA:389,0
DA:391,0
DA:393,0
DA:394,0
DA:397,0
DA:400,0
DA:401,0
DA:402,0
DA:403,0
DA:404,0
DA:407,0
DA:408,0
DA:410,0
DA:411,0
DA:414,0
DA:417,0
DA:418,0
DA:421,0
DA:422,0
DA:423,0
DA:424,0
DA:428,0
DA:429,0
DA:430,0
DA:432,0
DA:455,0
DA:456,0
DA:460,0
DA:468,0
DA:469,0
DA:471,0
DA:473,0
DA:475,0
DA:476,0
DA:477,0
DA:482,0
DA:485,0
DA:486,0
DA:487,0
DA:488,0
DA:489,0
DA:493,0
DA:494,0
DA:495,0
DA:497,0
DA:498,0
DA:499,0
DA:502,0
DA:503,0
DA:505,0
DA:506,0
DA:509,0
DA:511,0
DA:512,0
DA:514,0
DA:515,0
DA:517,0
DA:518,0
DA:519,0
DA:520,0
DA:523,0
DA:524,0
DA:528,0
DA:530,0
DA:531,0
DA:532,0
DA:534,0
DA:535,0
DA:537,0
DA:538,0
DA:539,0
DA:542,0
DA:543,0
DA:547,0
DA:549,0
DA:550,0
DA:554,0
DA:556,0
DA:557,0
DA:559,0
DA:560,0
DA:562,0
DA:563,0
DA:564,0
DA:566,0
DA:570,0
DA:573,0
DA:574,0
DA:575,0
DA:576,0
DA:577,0
DA:578,0
DA:579,0
DA:580,0
DA:583,0
LF:269
LH:0
BRDA:15,0,0,0
BRDA:15,1,0,0
BRDA:16,2,0,0
BRDA:16,2,1,0
BRDA:18,3,0,0
BRDA:18,3,1,0
BRDA:29,4,0,0
BRDA:53,5,0,0
BRDA:53,5,1,0
BRDA:68,6,0,0
BRDA:68,6,1,0
BRDA:104,7,0,0
BRDA:104,7,1,0
BRDA:121,8,0,0
BRDA:121,8,1,0
BRDA:123,9,0,0
BRDA:123,9,1,0
BRDA:136,10,0,0
BRDA:136,10,1,0
BRDA:140,11,0,0
BRDA:140,11,1,0
BRDA:145,12,0,0
BRDA:145,12,1,0
BRDA:177,13,0,0
BRDA:177,13,1,0
BRDA:183,14,0,0
BRDA:183,14,1,0
BRDA:205,15,0,0
BRDA:205,15,1,0
BRDA:219,16,0,0
BRDA:219,16,1,0
BRDA:233,17,0,0
BRDA:233,17,1,0
BRDA:235,18,0,0
BRDA:235,18,1,0
BRDA:247,19,0,0
BRDA:247,19,1,0
BRDA:247,20,0,0
BRDA:247,20,1,0
BRDA:248,21,0,0
BRDA:248,21,1,0
BRDA:248,22,0,0
BRDA:248,22,1,0
BRDA:286,23,0,0
BRDA:286,23,1,0
BRDA:288,24,0,0
BRDA:288,24,1,0
BRDA:315,25,0,0
BRDA:315,25,1,0
BRDA:336,26,0,0
BRDA:336,26,1,0
BRDA:352,27,0,0
BRDA:352,27,1,0
BRDA:375,28,0,0
BRDA:375,28,1,0
BRDA:375,29,0,0
BRDA:375,29,1,0
BRDA:393,30,0,0
BRDA:393,30,1,0
BRDA:401,31,0,0
BRDA:401,31,1,0
BRDA:408,32,0,0
BRDA:408,32,1,0
BRDA:421,33,0,0
BRDA:421,33,1,0
BRDA:429,34,0,0
BRDA:429,34,1,0
BRDA:430,35,0,0
BRDA:430,35,1,0
BRDA:466,36,0,0
BRDA:466,36,1,0
BRDA:481,37,0,0
BRDA:486,38,0,0
BRDA:486,38,1,0
BRDA:497,39,0,0
BRDA:497,39,1,0
BRDA:497,40,0,0
BRDA:497,40,1,0
BRDA:514,41,0,0
BRDA:514,41,1,0
BRDA:531,42,0,0
BRDA:531,42,1,0
BRDA:534,43,0,0
BRDA:534,43,1,0
BRDA:534,44,0,0
BRDA:534,44,1,0
BRDA:556,45,0,0
BRDA:556,45,1,0
BRDA:562,46,0,0
BRDA:562,46,1,0
BRF:90
BRH:0
end_of_record
TN:
SF:lib/commands/github.js
FN:13,githubCommand
FN:30,setupGitHubSettings
FN:125,(anonymous_2)
FN:159,(anonymous_3)
FN:163,(anonymous_4)
FN:167,(anonymous_5)
FN:171,(anonymous_6)
FN:175,(anonymous_7)
FN:179,(anonymous_8)
FN:183,(anonymous_9)
FN:192,(anonymous_10)
FN:208,(anonymous_11)
FN:214,(anonymous_12)
FN:234,showGitHubStatus
FN:298,formatBoolean
FN:307,formatSettingName
FN:325,showHelp
FNF:17
FNH:0
FNDA:0,githubCommand
FNDA:0,setupGitHubSettings
FNDA:0,(anonymous_2)
FNDA:0,(anonymous_3)
FNDA:0,(anonymous_4)
FNDA:0,(anonymous_5)
FNDA:0,(anonymous_6)
FNDA:0,(anonymous_7)
FNDA:0,(anonymous_8)
FNDA:0,(anonymous_9)
FNDA:0,(anonymous_10)
FNDA:0,(anonymous_11)
FNDA:0,(anonymous_12)
FNDA:0,showGitHubStatus
FNDA:0,formatBoolean
FNDA:0,formatSettingName
FNDA:0,showHelp
DA:1,0
DA:2,0
DA:3,0
DA:4,0
DA:14,0
DA:16,0
DA:19,0
DA:22,0
DA:23,0
DA:31,0
DA:34,0
DA:35,0
DA:37,0
DA:38,0
DA:39,0
DA:44,0
DA:45,0
DA:46,0
DA:48,0
DA:49,0
DA:50,0
DA:53,0
DA:56,0
DA:59,0
DA:60,0
DA:64,0
DA:65,0
DA:67,0
DA:68,0
DA:69,0
DA:73,0
DA:74,0
DA:75,0
DA:76,0
DA:77,0
DA:78,0
DA:79,0
DA:80,0
DA:81,0
DA:84,0
DA:95,0
DA:96,0
DA:97,0
DA:98,0
DA:99,0
DA:100,0
DA:101,0
DA:102,0
DA:103,0
DA:106,0
DA:108,0
DA:109,0
DA:110,0
DA:118,0
DA:119,0
DA:120,0
DA:123,0
DA:125,0
DA:126,0
DA:127,0
DA:128,0
DA:129,0
DA:130,0
DA:134,0
DA:135,0
DA:144,0
DA:145,0
DA:146,0
DA:151,0
DA:152,0
DA:154,0
DA:156,0
DA:159,0
DA:160,0
DA:163,0
DA:164,0
DA:167,0
DA:168,0
DA:171,0
DA:172,0
DA:175,0
DA:176,0
DA:179,0
DA:180,0
DA:183,0
DA:184,0
DA:187,0
DA:188,0
DA:192,0
DA:193,0
DA:195,0
DA:196,0
DA:202,0
DA:205,0
DA:207,0
DA:208,0
DA:209,0
DA:212,0
DA:213,0
DA:214,0
DA:215,0
DA:217,0
DA:220,0
DA:223,0
DA:224,0
DA:225,0
DA:226,0
DA:227,0
DA:235,0
DA:238,0
DA:239,0
DA:241,0
DA:242,0
DA:247,0
DA:248,0
DA:249,0
DA:251,0
DA:252,0
DA:255,0
DA:256,0
DA:259,0
DA:261,0
DA:262,0
DA:266,0
DA:267,0
DA:269,0
DA:270,0
DA:271,0
DA:272,0
DA:273,0
DA:274,0
DA:275,0
DA:276,0
DA:277,0
DA:278,0
DA:279,0
DA:280,0
DA:281,0
DA:282,0
DA:283,0
DA:284,0
DA:286,0
DA:289,0
DA:290,0
DA:291,0
DA:299,0
DA:308,0
DA:319,0
DA:326,0
DA:327,0
DA:328,0
DA:330,0
DA:331,0
DA:332,0
DA:334,0
DA:335,0
DA:337,0
DA:338,0
DA:339,0
DA:340,0
DA:341,0
DA:342,0
DA:343,0
DA:345,0
DA:346,0
DA:347,0
DA:348,0
DA:351,0
LF:168
LH:0
BRDA:13,0,0,0
BRDA:14,1,0,0
BRDA:14,1,1,0
BRDA:14,1,2,0
BRDA:109,2,0,0
BRDA:109,2,1,0
BRDA:118,3,0,0
BRDA:118,3,1,0
BRDA:134,4,0,0
BRDA:134,4,1,0
BRDA:144,5,0,0
BRDA:144,5,1,0
BRDA:159,6,0,0
BRDA:159,6,1,0
BRDA:160,7,0,0
BRDA:160,7,1,0
BRDA:163,8,0,0
BRDA:163,8,1,0
BRDA:164,9,0,0
BRDA:164,9,1,0
BRDA:167,10,0,0
BRDA:167,10,1,0
BRDA:168,11,0,0
BRDA:168,11,1,0
BRDA:171,12,0,0
BRDA:171,12,1,0
BRDA:172,13,0,0
BRDA:172,13,1,0
BRDA:175,14,0,0
BRDA:175,14,1,0
BRDA:176,15,0,0
BRDA:176,15,1,0
BRDA:179,16,0,0
BRDA:179,16,1,0
BRDA:180,17,0,0
BRDA:180,17,1,0
BRDA:183,18,0,0
BRDA:183,18,1,0
BRDA:184,19,0,0
BRDA:184,19,1,0
BRDA:187,20,0,0
BRDA:187,20,1,0
BRDA:192,21,0,0
BRDA:192,21,1,0
BRDA:208,22,0,0
BRDA:208,22,1,0
BRDA:208,23,0,0
BRDA:208,23,1,0
BRDA:212,24,0,0
BRDA:212,24,1,0
BRDA:299,25,0,0
BRDA:299,25,1,0
BRDA:319,26,0,0
BRDA:319,26,1,0
BRF:54
BRH:0
end_of_record
TN:
SF:lib/commands/health.js
FN:8,healthCheckCommand
FN:64,(anonymous_1)
FN:65,(anonymous_2)
FN:99,(anonymous_3)
FN:170,(anonymous_4)
FN:196,(anonymous_5)
FN:201,(anonymous_6)
FN:276,(anonymous_7)
FN:277,(anonymous_8)
FN:284,(anonymous_9)
FN:294,(anonymous_10)
FNF:11
FNH:0
FNDA:0,healthCheckCommand
FNDA:0,(anonymous_1)
FNDA:0,(anonymous_2)
FNDA:0,(anonymous_3)
FNDA:0,(anonymous_4)
FNDA:0,(anonymous_5)
FNDA:0,(anonymous_6)
FNDA:0,(anonymous_7)
FNDA:0,(anonymous_8)
FNDA:0,(anonymous_9)
FNDA:0,(anonymous_10)
DA:1,0
DA:2,0
DA:3,0
DA:4,0
DA:5,0
DA:6,0
DA:9,0
DA:11,0
DA:12,0
DA:13,0
DA:16,0
DA:17,0
DA:18,0
DA:19,0
DA:21,0
DA:22,0
DA:23,0
DA:24,0
DA:26,0
DA:29,0
DA:33,0
DA:34,0
DA:35,0
DA:36,0
DA:38,0
DA:39,0
DA:40,0
DA:41,0
DA:43,0
DA:46,0
DA:50,0
DA:51,0
DA:52,0
DA:53,0
DA:54,0
DA:56,0
DA:57,0
DA:62,0
DA:63,0
DA:64,0
DA:65,0
DA:67,0
DA:68,0
DA:75,0
DA:77,0
DA:87,0
DA:96,0
DA:97,0
DA:98,0
DA:99,0
DA:101,0
DA:102,0
DA:103,0
DA:104,0
DA:105,0
DA:106,0
DA:109,0
DA:113,0
DA:119,0
DA:120,0
DA:121,0
DA:122,0
DA:123,0
DA:124,0
DA:125,0
DA:129,0
DA:130,0
DA:134,0
DA:135,0
DA:136,0
DA:138,0
DA:141,0
DA:142,0
DA:143,0
DA:145,0
DA:148,0
DA:153,0
DA:154,0
DA:155,0
DA:156,0
DA:157,0
DA:158,0
DA:159,0
DA:163,0
DA:164,0
DA:168,0
DA:169,0
DA:170,0
DA:172,0
DA:173,0
DA:174,0
DA:177,0
DA:181,0
DA:182,0
DA:183,0
DA:190,0
DA:194,0
DA:196,0
DA:198,0
DA:199,0
DA:201,0
DA:203,0
DA:206,0
DA:208,0
DA:209,0
DA:210,0
DA:212,0
DA:213,0
DA:214,0
DA:216,0
DA:217,0
DA:218,0
DA:220,0
DA:221,0
DA:222,0
DA:225,0
DA:227,0
DA:228,0
DA:231,0
DA:232,0
DA:235,0
DA:237,0
DA:238,0
DA:244,0
DA:246,0
DA:249,0
DA:250,0
DA:251,0
DA:252,0
DA:253,0
DA:254,0
DA:255,0
DA:256,0
DA:257,0
DA:258,0
DA:259,0
DA:260,0
DA:261,0
DA:262,0
DA:263,0
DA:264,0
DA:266,0
DA:267,0
DA:268,0
DA:271,0
DA:272,0
DA:273,0
DA:276,0
DA:277,0
DA:279,0
DA:280,0
DA:282,0
DA:283,0
DA:284,0
DA:285,0
DA:286,0
DA:289,0
DA:292,0
DA:293,0
DA:294,0
DA:295,0
DA:296,0
DA:299,0
DA:303,0
DA:306,0
LF:165
LH:0
BRDA:52,0,0,0
BRDA:52,0,1,0
BRDA:64,1,0,0
BRDA:64,1,1,0
BRDA:67,2,0,0
BRDA:67,2,1,0
BRDA:97,3,0,0
BRDA:97,3,1,0
BRDA:101,4,0,0
BRDA:101,4,1,0
BRDA:104,5,0,0
BRDA:104,5,1,0
BRDA:121,6,0,0
BRDA:121,6,1,0
BRDA:129,7,0,0
BRDA:129,7,1,0
BRDA:134,8,0,0
BRDA:134,8,1,0
BRDA:141,9,0,0
BRDA:141,9,1,0
BRDA:155,10,0,0
BRDA:155,10,1,0
BRDA:163,11,0,0
BRDA:163,11,1,0
BRDA:168,12,0,0
BRDA:168,12,1,0
BRDA:170,13,0,0
BRDA:170,13,1,0
BRDA:172,14,0,0
BRDA:172,14,1,0
BRDA:182,15,0,0
BRDA:182,15,1,0
BRDA:206,16,0,0
BRDA:206,16,1,0
BRDA:206,16,2,0
BRDA:206,16,3,0
BRDA:227,17,0,0
BRDA:227,17,1,0
BRDA:231,18,0,0
BRDA:231,18,1,0
BRDA:231,19,0,0
BRDA:231,19,1,0
BRDA:237,20,0,0
BRDA:237,20,1,0
BRDA:249,21,0,0
BRDA:249,21,1,0
BRDA:253,22,0,0
BRDA:253,22,1,0
BRDA:257,23,0,0
BRDA:257,23,1,0
BRDA:261,24,0,0
BRDA:261,24,1,0
BRDA:279,25,0,0
BRDA:279,25,1,0
BRDA:279,26,0,0
BRDA:279,26,1,0
BRDA:282,27,0,0
BRDA:282,27,1,0
BRDA:285,28,0,0
BRDA:285,28,1,0
BRDA:292,29,0,0
BRDA:292,29,1,0
BRDA:292,30,0,0
BRDA:292,30,1,0
BRDA:295,31,0,0
BRDA:295,31,1,0
BRF:66
BRH:0
end_of_record
TN:
SF:lib/commands/hunt.js
FN:21,(anonymous_0)
FN:39,(anonymous_1)
FN:104,(anonymous_2)
FN:127,(anonymous_3)
FN:155,(anonymous_4)
FN:167,(anonymous_5)
FN:168,(anonymous_6)
FN:172,(anonymous_7)
FN:182,(anonymous_8)
FN:196,(anonymous_9)
FN:253,(anonymous_10)
FN:288,(anonymous_11)
FN:311,(anonymous_12)
FN:335,(anonymous_13)
FN:338,(anonymous_14)
FN:356,(anonymous_15)
FN:395,(anonymous_16)
FN:417,(anonymous_17)
FN:445,(anonymous_18)
FNF:19
FNH:0
FNDA:0,(anonymous_0)
FNDA:0,(anonymous_1)
FNDA:0,(anonymous_2)
FNDA:0,(anonymous_3)
FNDA:0,(anonymous_4)
FNDA:0,(anonymous_5)
FNDA:0,(anonymous_6)
FNDA:0,(anonymous_7)
FNDA:0,(anonymous_8)
FNDA:0,(anonymous_9)
FNDA:0,(anonymous_10)
FNDA:0,(anonymous_11)
FNDA:0,(anonymous_12)
FNDA:0,(anonymous_13)
FNDA:0,(anonymous_14)
FNDA:0,(anonymous_15)
FNDA:0,(anonymous_16)
FNDA:0,(anonymous_17)
FNDA:0,(anonymous_18)
DA:6,0
DA:7,0
DA:8,0
DA:9,0
DA:10,0
DA:11,0
DA:12,0
DA:22,0
DA:24,0
DA:25,0
DA:26,0
DA:28,0
DA:29,0
DA:30,0
DA:34,0
DA:39,0
DA:56,0
DA:57,0
DA:59,0
DA:61,0
DA:62,0
DA:65,0
DA:66,0
DA:67,0
DA:68,0
DA:69,0
DA:75,0
DA:76,0
DA:79,0
DA:84,0
DA:87,0
DA:88,0
DA:89,0
DA:90,0
DA:91,0
DA:92,0
DA:94,0
DA:96,0
DA:97,0
DA:105,0
DA:106,0
DA:107,0
DA:109,0
DA:110,0
DA:111,0
DA:114,0
DA:116,0
DA:118,0
DA:120,0
DA:121,0
DA:122,0
DA:125,0
DA:127,0
DA:128,0
DA:131,0
DA:132,0
DA:133,0
DA:137,0
DA:139,0
DA:140,0
DA:141,0
DA:144,0
DA:147,0
DA:148,0
DA:156,0
DA:157,0
DA:158,0
DA:160,0
DA:161,0
DA:162,0
DA:165,0
DA:167,0
DA:168,0
DA:170,0
DA:171,0
DA:172,0
DA:173,0
DA:177,0
DA:180,0
DA:181,0
DA:182,0
DA:183,0
DA:185,0
DA:188,0
DA:189,0
DA:197,0
DA:198,0
DA:199,0
DA:201,0
DA:202,0
DA:203,0
DA:206,0
DA:207,0
DA:209,0
DA:210,0
DA:211,0
DA:215,0
DA:216,0
DA:217,0
DA:218,0
DA:221,0
DA:222,0
DA:225,0
DA:228,0
DA:229,0
DA:232,0
DA:233,0
DA:237,0
DA:239,0
DA:240,0
DA:241,0
DA:243,0
DA:245,0
DA:246,0
DA:254,0
DA:255,0
DA:256,0
DA:257,0
DA:258,0
DA:260,0
DA:261,0
DA:262,0
DA:266,0
DA:267,0
DA:270,0
DA:271,0
DA:274,0
DA:276,0
DA:277,0
DA:278,0
DA:280,0
DA:281,0
DA:289,0
DA:290,0
DA:292,0
DA:293,0
DA:294,0
DA:297,0
DA:298,0
DA:300,0
DA:301,0
DA:303,0
DA:304,0
DA:312,0
DA:313,0
DA:315,0
DA:316,0
DA:317,0
DA:319,0
DA:320,0
DA:321,0
DA:322,0
DA:323,0
DA:324,0
DA:327,0
DA:328,0
DA:331,0
DA:334,0
DA:335,0
DA:336,0
DA:337,0
DA:338,0
DA:340,0
DA:341,0
DA:342,0
DA:343,0
DA:345,0
DA:349,0
DA:357,0
DA:358,0
DA:359,0
DA:362,0
DA:363,0
DA:364,0
DA:366,0
DA:368,0
DA:376,0
DA:377,0
DA:378,0
DA:385,0
DA:387,0
DA:396,0
DA:397,0
DA:398,0
DA:401,0
DA:402,0
DA:403,0
DA:405,0
DA:408,0
DA:409,0
DA:416,0
DA:417,0
DA:418,0
DA:419,0
DA:428,0
DA:434,0
DA:436,0
DA:437,0
DA:446,0
DA:447,0
DA:448,0
DA:451,0
DA:452,0
DA:453,0
DA:455,0
DA:458,0
DA:465,0
DA:471,0
DA:473,0
DA:474,0
DA:480,0
LF:211
LH:0
BRDA:21,0,0,0
BRDA:28,1,0,0
BRDA:28,1,1,0
BRDA:39,2,0,0
BRDA:39,2,1,0
BRDA:65,3,0,0
BRDA:65,3,1,0
BRDA:65,4,0,0
BRDA:65,4,1,0
BRDA:68,5,0,0
BRDA:68,5,1,0
BRDA:104,6,0,0
BRDA:109,7,0,0
BRDA:109,7,1,0
BRDA:116,8,0,0
BRDA:116,8,1,0
BRDA:120,9,0,0
BRDA:120,9,1,0
BRDA:139,10,0,0
BRDA:139,10,1,0
BRDA:155,11,0,0
BRDA:158,12,0,0
BRDA:158,12,1,0
BRDA:160,13,0,0
BRDA:160,13,1,0
BRDA:170,14,0,0
BRDA:170,14,1,0
BRDA:180,15,0,0
BRDA:180,15,1,0
BRDA:196,16,0,0
BRDA:201,17,0,0
BRDA:201,17,1,0
BRDA:209,18,0,0
BRDA:209,18,1,0
BRDA:216,19,0,0
BRDA:216,19,1,0
BRDA:216,20,0,0
BRDA:216,20,1,0
BRDA:232,21,0,0
BRDA:232,21,1,0
BRDA:232,22,0,0
BRDA:232,22,1,0
BRDA:253,23,0,0
BRDA:260,24,0,0
BRDA:260,24,1,0
BRDA:266,25,0,0
BRDA:266,25,1,0
BRDA:266,26,0,0
BRDA:266,26,1,0
BRDA:288,27,0,0
BRDA:292,28,0,0
BRDA:292,28,1,0
BRDA:292,29,0,0
BRDA:292,29,1,0
BRDA:327,30,0,0
BRDA:327,30,1,0
BRDA:340,31,0,0
BRDA:340,31,1,0
BRDA:342,32,0,0
BRDA:342,32,1,0
BRDA:358,33,0,0
BRDA:358,33,1,0
BRDA:376,34,0,0
BRDA:376,34,1,0
BRDA:376,35,0,0
BRDA:376,35,1,0
BRDA:397,36,0,0
BRDA:397,36,1,0
BRDA:397,37,0,0
BRDA:397,37,1,0
BRDA:416,38,0,0
BRDA:416,38,1,0
BRDA:418,39,0,0
BRDA:418,39,1,0
BRDA:447,40,0,0
BRDA:447,40,1,0
BRDA:447,41,0,0
BRDA:447,41,1,0
BRF:78
BRH:0
end_of_record
TN:
SF:lib/commands/issue-old.js
FN:49,issueCommand
FN:72,(anonymous_1)
FN:89,(anonymous_2)
FN:185,getTemplateContent
FN:388,buildIssueBody
FNF:5
FNH:0
FNDA:0,issueCommand
FNDA:0,(anonymous_1)
FNDA:0,(anonymous_2)
FNDA:0,getTemplateContent
FNDA:0,buildIssueBody
DA:1,0
DA:2,0
DA:3,0
DA:4,0
DA:6,0
DA:50,0
DA:53,0
DA:54,0
DA:56,0
DA:57,0
DA:58,0
DA:61,0
DA:64,0
DA:66,0
DA:67,0
DA:72,0
DA:78,0
DA:81,0
DA:84,0
DA:89,0
DA:131,0
DA:135,0
DA:138,0
DA:140,0
DA:142,0
DA:143,0
DA:144,0
DA:148,0
DA:150,0
DA:151,0
DA:154,0
DA:155,0
DA:157,0
DA:160,0
DA:161,0
DA:162,0
DA:165,0
DA:167,0
DA:172,0
DA:173,0
DA:174,0
DA:175,0
DA:176,0
DA:179,0
DA:180,0
DA:181,0
DA:187,0
DA:385,0
DA:390,0
DA:393,0
LF:50
LH:0
BRDA:64,0,0,0
BRDA:64,0,1,0
BRDA:66,1,0,0
BRDA:66,1,1,0
BRDA:89,2,0,0
BRDA:89,2,1,0
BRDA:142,3,0,0
BRDA:142,3,1,0
BRDA:143,4,0,0
BRDA:143,4,1,0
BRDA:143,5,0,0
BRDA:143,5,1,0
BRDA:150,6,0,0
BRDA:150,6,1,0
BRDA:160,7,0,0
BRDA:160,7,1,0
BRDA:385,8,0,0
BRDA:385,8,1,0
BRF:18
BRH:0
end_of_record
TN:
SF:lib/commands/issue.js
FN:52,issueCommand
FN:75,(anonymous_1)
FN:90,(anonymous_2)
FN:97,(anonymous_3)
FN:186,addToProjectAndSetFields
FN:232,setProjectFields
FN:287,getTemplateContent
FN:384,buildIssueBody
FN:411,showNextSteps
FNF:9
FNH:0
FNDA:0,issueCommand
FNDA:0,(anonymous_1)
FNDA:0,(anonymous_2)
FNDA:0,(anonymous_3)
FNDA:0,addToProjectAndSetFields
FNDA:0,setProjectFields
FNDA:0,getTemplateContent
FNDA:0,buildIssueBody
FNDA:0,showNextSteps
DA:1,0
DA:2,0
DA:3,0
DA:4,0
DA:7,0
DA:10,0
DA:34,0
DA:42,0
DA:53,0
DA:56,0
DA:57,0
DA:59,0
DA:60,0
DA:61,0
DA:64,0
DA:67,0
DA:69,0
DA:70,0
DA:75,0
DA:81,0
DA:85,0
DA:90,0
DA:97,0
DA:130,0
DA:134,0
DA:137,0
DA:139,0
DA:141,0
DA:146,0
DA:147,0
DA:148,0
DA:149,0
DA:152,0
DA:155,0
DA:156,0
DA:160,0
DA:161,0
DA:164,0
DA:165,0
DA:168,0
DA:170,0
DA:171,0
DA:174,0
DA:177,0
DA:180,0
DA:181,0
DA:182,0
DA:187,0
DA:189,0
DA:191,0
DA:192,0
DA:196,0
DA:198,0
DA:199,0
DA:200,0
DA:204,0
DA:219,0
DA:222,0
DA:224,0
DA:227,0
DA:228,0
DA:237,0
DA:239,0
DA:240,0
DA:254,0
DA:255,0
DA:270,0
DA:288,0
DA:381,0
DA:386,0
DA:389,0
DA:390,0
DA:394,0
DA:395,0
DA:399,0
DA:400,0
DA:401,0
DA:404,0
DA:405,0
DA:408,0
DA:412,0
DA:413,0
DA:414,0
DA:415,0
DA:416,0
DA:418,0
DA:421,0
LF:87
LH:0
BRDA:67,0,0,0
BRDA:67,0,1,0
BRDA:69,1,0,0
BRDA:69,1,1,0
BRDA:90,2,0,0
BRDA:90,2,1,0
BRDA:141,3,0,0
BRDA:141,3,1,0
BRDA:143,4,0,0
BRDA:143,4,1,0
BRDA:155,5,0,0
BRDA:155,5,1,0
BRDA:160,6,0,0
BRDA:160,6,1,0
BRDA:165,7,0,0
BRDA:165,7,1,0
BRDA:196,8,0,0
BRDA:196,8,1,0
BRDA:198,9,0,0
BRDA:198,9,1,0
BRDA:239,10,0,0
BRDA:239,10,1,0
BRDA:254,11,0,0
BRDA:254,11,1,0
BRDA:381,12,0,0
BRDA:381,12,1,0
BRDA:389,13,0,0
BRDA:389,13,1,0
BRDA:394,14,0,0
BRDA:394,14,1,0
BRDA:399,15,0,0
BRDA:399,15,1,0
BRDA:399,16,0,0
BRDA:399,16,1,0
BRDA:400,17,0,0
BRDA:400,17,1,0
BRF:36
BRH:0
end_of_record
TN:
SF:lib/commands/labels.js
FN:30,labelsCommand
FNF:1
FNH:0
FNDA:0,labelsCommand
DA:1,0
DA:2,0
DA:3,0
DA:5,0
DA:31,0
DA:33,0
DA:35,0
DA:36,0
DA:37,0
DA:39,0
DA:40,0
DA:41,0
DA:45,0
DA:47,0
DA:48,0
DA:50,0
DA:55,0
DA:58,0
DA:59,0
DA:60,0
DA:62,0
DA:63,0
DA:64,0
DA:65,0
DA:66,0
DA:72,0
DA:75,0
DA:76,0
DA:79,0
LF:29
LH:0
BRDA:47,0,0,0
BRDA:47,0,1,0
BRDA:58,1,0,0
BRDA:58,1,1,0
BRF:4
BRH:0
end_of_record
TN:
SF:lib/commands/model.js
FN:12,modelCommand
FN:49,listModels
FN:66,(anonymous_2)
FN:91,showStatus
FN:123,(anonymous_4)
FN:133,(anonymous_5)
FN:140,(anonymous_6)
FN:151,enableModelSelection
FN:171,disableModelSelection
FN:200,manageBudget
FN:245,showUsage
FN:268,(anonymous_11)
FN:277,(anonymous_12)
FN:289,resetUsage
FN:319,testSelection
FN:364,showHelp
FNF:16
FNH:0
FNDA:0,modelCommand
FNDA:0,listModels
FNDA:0,(anonymous_2)
FNDA:0,showStatus
FNDA:0,(anonymous_4)
FNDA:0,(anonymous_5)
FNDA:0,(anonymous_6)
FNDA:0,enableModelSelection
FNDA:0,disableModelSelection
FNDA:0,manageBudget
FNDA:0,showUsage
FNDA:0,(anonymous_11)
FNDA:0,(anonymous_12)
FNDA:0,resetUsage
FNDA:0,testSelection
FNDA:0,showHelp
DA:6,0
DA:7,0
DA:8,0
DA:9,0
DA:10,0
DA:13,0
DA:15,0
DA:17,0
DA:18,0
DA:20,0
DA:21,0
DA:23,0
DA:24,0
DA:26,0
DA:27,0
DA:29,0
DA:30,0
DA:32,0
DA:33,0
DA:35,0
DA:36,0
DA:38,0
DA:39,0
DA:41,0
DA:42,0
DA:50,0
DA:53,0
DA:54,0
DA:55,0
DA:56,0
DA:57,0
DA:58,0
DA:63,0
DA:64,0
DA:66,0
DA:67,0
DA:68,0
DA:74,0
DA:75,0
DA:76,0
DA:77,0
DA:78,0
DA:79,0
DA:82,0
DA:83,0
DA:84,0
DA:85,0
DA:92,0
DA:94,0
DA:95,0
DA:96,0
DA:97,0
DA:100,0
DA:101,0
DA:102,0
DA:105,0
DA:106,0
DA:107,0
DA:108,0
DA:111,0
DA:113,0
DA:114,0
DA:115,0
DA:117,0
DA:118,0
DA:119,0
DA:122,0
DA:123,0
DA:124,0
DA:125,0
DA:126,0
DA:127,0
DA:131,0
DA:132,0
DA:133,0
DA:134,0
DA:138,0
DA:139,0
DA:140,0
DA:141,0
DA:145,0
DA:152,0
DA:154,0
DA:155,0
DA:156,0
DA:158,0
DA:159,0
DA:160,0
DA:161,0
DA:163,0
DA:164,0
DA:172,0
DA:181,0
DA:182,0
DA:183,0
DA:186,0
DA:188,0
DA:189,0
DA:190,0
DA:192,0
DA:193,0
DA:201,0
DA:203,0
DA:204,0
DA:205,0
DA:206,0
DA:207,0
DA:209,0
DA:210,0
DA:211,0
DA:212,0
DA:213,0
DA:217,0
DA:218,0
DA:220,0
DA:221,0
DA:222,0
DA:225,0
DA:226,0
DA:227,0
DA:228,0
DA:231,0
DA:233,0
DA:234,0
DA:235,0
DA:237,0
DA:238,0
DA:246,0
DA:248,0
DA:249,0
DA:252,0
DA:253,0
DA:254,0
DA:255,0
DA:256,0
DA:259,0
DA:260,0
DA:261,0
DA:262,0
DA:263,0
DA:266,0
DA:267,0
DA:268,0
DA:269,0
DA:271,0
DA:275,0
DA:276,0
DA:277,0
DA:278,0
DA:280,0
DA:283,0
DA:290,0
DA:299,0
DA:300,0
DA:301,0
DA:304,0
DA:306,0
DA:307,0
DA:308,0
DA:309,0
DA:311,0
DA:312,0
DA:320,0
DA:322,0
DA:323,0
DA:325,0
DA:326,0
DA:329,0
DA:330,0
DA:331,0
DA:332,0
DA:333,0
DA:334,0
DA:339,0
DA:341,0
DA:342,0
DA:343,0
DA:345,0
DA:347,0
DA:348,0
DA:349,0
DA:350,0
DA:351,0
DA:352,0
DA:354,0
DA:357,0
DA:365,0
DA:366,0
DA:368,0
DA:369,0
DA:370,0
DA:371,0
DA:372,0
DA:373,0
DA:374,0
DA:375,0
DA:376,0
DA:378,0
DA:379,0
DA:380,0
DA:381,0
DA:382,0
DA:385,0
LF:203
LH:0
BRDA:15,0,0,0
BRDA:15,0,1,0
BRDA:15,0,2,0
BRDA:15,0,3,0
BRDA:15,0,4,0
BRDA:15,0,5,0
BRDA:15,0,6,0
BRDA:15,0,7,0
BRDA:15,0,8,0
BRDA:58,1,0,0
BRDA:58,1,1,0
BRDA:68,2,0,0
BRDA:68,2,1,0
BRDA:100,3,0,0
BRDA:100,3,1,0
BRDA:102,4,0,0
BRDA:102,4,1,0
BRDA:114,5,0,0
BRDA:114,5,1,0
BRDA:114,6,0,0
BRDA:114,6,1,0
BRDA:118,7,0,0
BRDA:118,7,1,0
BRDA:118,8,0,0
BRDA:118,8,1,0
BRDA:123,9,0,0
BRDA:123,9,1,0
BRDA:125,10,0,0
BRDA:125,10,1,0
BRDA:126,11,0,0
BRDA:126,11,1,0
BRDA:131,12,0,0
BRDA:131,12,1,0
BRDA:138,13,0,0
BRDA:138,13,1,0
BRDA:181,14,0,0
BRDA:181,14,1,0
BRDA:201,15,0,0
BRDA:201,15,1,0
BRDA:220,16,0,0
BRDA:220,16,1,0
BRDA:220,17,0,0
BRDA:220,17,1,0
BRDA:226,18,0,0
BRDA:226,18,1,0
BRDA:266,19,0,0
BRDA:266,19,1,0
BRDA:275,20,0,0
BRDA:275,20,1,0
BRDA:299,21,0,0
BRDA:299,21,1,0
BRDA:322,22,0,0
BRDA:322,22,1,0
BRDA:323,23,0,0
BRDA:323,23,1,0
BRDA:334,24,0,0
BRDA:334,24,1,0
BRDA:347,25,0,0
BRDA:347,25,1,0
BRF:59
BRH:0
end_of_record
TN:
SF:lib/commands/organize-docs.js
FN:33,(anonymous_0)
FN:38,(anonymous_1)
FN:43,(anonymous_2)
FN:48,(anonymous_3)
FN:53,(anonymous_4)
FN:61,getTargetDirectory
FN:74,isAllowedInRoot
FN:75,(anonymous_7)
FN:83,organizeDocs
FN:96,(anonymous_9)
FN:197,validateDocs
FN:204,(anonymous_11)
FNF:12
FNH:0
FNDA:0,(anonymous_0)
FNDA:0,(anonymous_1)
FNDA:0,(anonymous_2)
FNDA:0,(anonymous_3)
FNDA:0,(anonymous_4)
FNDA:0,getTargetDirectory
FNDA:0,isAllowedInRoot
FNDA:0,(anonymous_7)
FNDA:0,organizeDocs
FNDA:0,(anonymous_9)
FNDA:0,validateDocs
FNDA:0,(anonymous_11)
DA:14,0
DA:15,0
DA:16,0
DA:19,0
DA:30,0
DA:33,0
DA:38,0
DA:43,0
DA:48,0
DA:53,0
DA:62,0
DA:63,0
DA:64,0
DA:65,0
DA:68,0
DA:75,0
DA:76,0
DA:84,0
DA:85,0
DA:87,0
DA:89,0
DA:90,0
DA:93,0
DA:95,0
DA:96,0
DA:97,0
DA:100,0
DA:101,0
DA:102,0
DA:105,0
DA:106,0
DA:107,0
DA:108,0
DA:111,0
DA:112,0
DA:113,0
DA:115,0
DA:120,0
DA:121,0
DA:122,0
DA:123,0
DA:124,0
DA:126,0
DA:128,0
DA:129,0
DA:130,0
DA:134,0
DA:135,0
DA:136,0
DA:137,0
DA:139,0
DA:143,0
DA:144,0
DA:146,0
DA:147,0
DA:149,0
DA:150,0
DA:153,0
DA:154,0
DA:155,0
DA:157,0
DA:158,0
DA:160,0
DA:161,0
DA:162,0
DA:167,0
DA:170,0
DA:171,0
DA:172,0
DA:173,0
DA:175,0
DA:179,0
DA:180,0
DA:181,0
DA:183,0
DA:186,0
DA:189,0
DA:190,0
DA:198,0
DA:200,0
DA:202,0
DA:203,0
DA:204,0
DA:205,0
DA:208,0
DA:209,0
DA:211,0
DA:212,0
DA:213,0
DA:215,0
DA:219,0
DA:220,0
DA:222,0
DA:223,0
DA:224,0
DA:225,0
DA:226,0
DA:228,0
DA:229,0
DA:230,0
DA:232,0
DA:233,0
DA:237,0
DA:238,0
DA:242,0
LF:105
LH:0
BRDA:64,0,0,0
BRDA:64,0,1,0
BRDA:83,1,0,0
BRDA:85,2,0,0
BRDA:85,2,1,0
BRDA:89,3,0,0
BRDA:89,3,1,0
BRDA:97,4,0,0
BRDA:97,4,1,0
BRDA:106,5,0,0
BRDA:106,5,1,0
BRDA:112,6,0,0
BRDA:112,6,1,0
BRDA:123,7,0,0
BRDA:123,7,1,0
BRDA:128,8,0,0
BRDA:128,8,1,0
BRDA:136,9,0,0
BRDA:136,9,1,0
BRDA:149,10,0,0
BRDA:149,10,1,0
BRDA:157,11,0,0
BRDA:157,11,1,0
BRDA:170,12,0,0
BRDA:170,12,1,0
BRDA:179,13,0,0
BRDA:179,13,1,0
BRDA:205,14,0,0
BRDA:205,14,1,0
BRDA:212,15,0,0
BRDA:212,15,1,0
BRDA:222,16,0,0
BRDA:222,16,1,0
BRDA:225,17,0,0
BRDA:225,17,1,0
BRF:35
BRH:0
end_of_record
TN:
SF:lib/commands/pdf-to-json.js
FN:27,(anonymous_0)
FN:64,(anonymous_1)
FN:81,(anonymous_2)
FN:90,(anonymous_3)
FN:92,(anonymous_4)
FN:100,(anonymous_5)
FN:102,(anonymous_6)
FNF:7
FNH:0
FNDA:0,(anonymous_0)
FNDA:0,(anonymous_1)
FNDA:0,(anonymous_2)
FNDA:0,(anonymous_3)
FNDA:0,(anonymous_4)
FNDA:0,(anonymous_5)
FNDA:0,(anonymous_6)
DA:3,0
DA:4,0
DA:5,0
DA:7,0
DA:15,0
DA:20,0
DA:28,0
DA:29,0
DA:35,0
DA:36,0
DA:37,0
DA:38,0
DA:42,0
DA:43,0
DA:45,0
DA:48,0
DA:49,0
DA:50,0
DA:53,0
DA:54,0
DA:55,0
DA:57,0
DA:61,0
DA:65,0
DA:67,0
DA:68,0
DA:69,0
DA:70,0
DA:72,0
DA:73,0
DA:74,0
DA:78,0
DA:82,0
DA:83,0
DA:85,0
DA:88,0
DA:89,0
DA:90,0
DA:91,0
DA:92,0
DA:95,0
DA:98,0
DA:99,0
DA:100,0
DA:101,0
DA:102,0
DA:105,0
DA:108,0
DA:110,0
DA:111,0
DA:114,0
LF:51
LH:0
BRDA:36,0,0,0
BRDA:36,0,1,0
BRDA:42,1,0,0
BRDA:42,1,1,0
BRDA:54,2,0,0
BRDA:54,2,1,0
BRDA:89,3,0,0
BRDA:89,3,1,0
BRDA:99,4,0,0
BRDA:99,4,1,0
BRDA:110,5,0,0
BRDA:110,5,1,0
BRF:12
BRH:0
end_of_record
TN:
SF:lib/commands/plugin.js
FN:19,(anonymous_0)
FN:58,(anonymous_1)
FN:91,(anonymous_2)
FN:125,(anonymous_3)
FN:146,(anonymous_4)
FN:167,(anonymous_5)
FN:192,(anonymous_6)
FN:211,(anonymous_7)
FN:250,(anonymous_8)
FN:387,(anonymous_9)
FN:388,(anonymous_10)
FNF:11
FNH:0
FNDA:0,(anonymous_0)
FNDA:0,(anonymous_1)
FNDA:0,(anonymous_2)
FNDA:0,(anonymous_3)
FNDA:0,(anonymous_4)
FNDA:0,(anonymous_5)
FNDA:0,(anonymous_6)
FNDA:0,(anonymous_7)
FNDA:0,(anonymous_8)
FNDA:0,(anonymous_9)
FNDA:0,(anonymous_10)
DA:6,0
DA:7,0
DA:8,0
DA:9,0
DA:20,0
DA:22,0
DA:23,0
DA:26,0
DA:27,0
DA:29,0
DA:31,0
DA:32,0
DA:33,0
DA:37,0
DA:38,0
DA:39,0
DA:41,0
DA:42,0
DA:43,0
DA:44,0
DA:45,0
DA:48,0
DA:50,0
DA:59,0
DA:61,0
DA:62,0
DA:65,0
DA:66,0
DA:68,0
DA:70,0
DA:71,0
DA:72,0
DA:75,0
DA:76,0
DA:77,0
DA:78,0
DA:79,0
DA:80,0
DA:81,0
DA:83,0
DA:92,0
DA:94,0
DA:95,0
DA:96,0
DA:97,0
DA:99,0
DA:102,0
DA:106,0
DA:109,0
DA:110,0
DA:111,0
DA:112,0
DA:114,0
DA:117,0
DA:126,0
DA:128,0
DA:129,0
DA:132,0
DA:133,0
DA:135,0
DA:136,0
DA:138,0
DA:147,0
DA:149,0
DA:150,0
DA:153,0
DA:154,0
DA:156,0
DA:157,0
DA:159,0
DA:168,0
DA:170,0
DA:171,0
DA:172,0
DA:173,0
DA:175,0
DA:178,0
DA:182,0
DA:184,0
DA:193,0
DA:195,0
DA:196,0
DA:198,0
DA:199,0
DA:202,0
DA:204,0
DA:212,0
DA:213,0
DA:214,0
DA:216,0
DA:218,0
DA:220,0
DA:221,0
DA:222,0
DA:225,0
DA:227,0
DA:228,0
DA:229,0
DA:230,0
DA:231,0
DA:232,0
DA:233,0
DA:234,0
DA:235,0
DA:236,0
DA:237,0
DA:238,0
DA:239,0
DA:240,0
DA:241,0
DA:243,0
DA:251,0
DA:252,0
DA:255,0
DA:256,0
DA:257,0
DA:258,0
DA:264,0
DA:265,0
DA:266,0
DA:269,0
DA:285,0
DA:291,0
DA:334,0
DA:340,0
DA:370,0
DA:375,0
DA:376,0
DA:377,0
DA:378,0
DA:379,0
DA:380,0
DA:382,0
DA:388,0
DA:392,0
LF:135
LH:0
BRDA:19,0,0,0
BRDA:31,1,0,0
BRDA:31,1,1,0
BRDA:42,2,0,0
BRDA:42,2,1,0
BRDA:58,3,0,0
BRDA:70,4,0,0
BRDA:70,4,1,0
BRDA:78,5,0,0
BRDA:78,5,1,0
BRDA:91,6,0,0
BRDA:125,7,0,0
BRDA:146,8,0,0
BRDA:167,9,0,0
BRDA:192,10,0,0
BRDA:196,11,0,0
BRDA:196,11,1,0
BRDA:198,12,0,0
BRDA:198,12,1,0
BRDA:211,13,0,0
BRDA:220,14,0,0
BRDA:220,14,1,0
BRDA:250,15,0,0
BRF:23
BRH:0
end_of_record
TN:
SF:lib/commands/screenshot-to-json.js
FN:16,(anonymous_0)
FN:31,(anonymous_1)
FN:36,(anonymous_2)
FN:84,(anonymous_3)
FN:116,(anonymous_4)
FN:123,(anonymous_5)
FN:136,(anonymous_6)
FN:150,(anonymous_7)
FN:153,(anonymous_8)
FNF:9
FNH:0
FNDA:0,(anonymous_0)
FNDA:0,(anonymous_1)
FNDA:0,(anonymous_2)
FNDA:0,(anonymous_3)
FNDA:0,(anonymous_4)
FNDA:0,(anonymous_5)
FNDA:0,(anonymous_6)
FNDA:0,(anonymous_7)
FNDA:0,(anonymous_8)
DA:1,0
DA:2,0
DA:3,0
DA:5,0
DA:7,0
DA:17,0
DA:19,0
DA:27,0
DA:28,0
DA:29,0
DA:30,0
DA:31,0
DA:32,0
DA:35,0
DA:36,0
DA:37,0
DA:38,0
DA:39,0
DA:41,0
DA:44,0
DA:48,0
DA:49,0
DA:52,0
DA:53,0
DA:55,0
DA:57,0
DA:58,0
DA:60,0
DA:61,0
DA:62,0
DA:63,0
DA:64,0
DA:65,0
DA:67,0
DA:68,0
DA:72,0
DA:73,0
DA:78,0
DA:85,0
DA:87,0
DA:93,0
DA:94,0
DA:96,0
DA:97,0
DA:98,0
DA:100,0
DA:101,0
DA:102,0
DA:106,0
DA:107,0
DA:112,0
DA:117,0
DA:118,0
DA:120,0
DA:122,0
DA:123,0
DA:124,0
DA:127,0
DA:129,0
DA:136,0
DA:137,0
DA:138,0
DA:140,0
DA:141,0
DA:142,0
DA:144,0
DA:146,0
DA:150,0
DA:151,0
DA:152,0
DA:153,0
DA:154,0
DA:155,0
DA:157,0
DA:164,0
LF:75
LH:0
BRDA:27,0,0,0
BRDA:27,0,1,0
BRDA:32,1,0,0
BRDA:32,1,1,0
BRDA:32,1,2,0
BRDA:38,2,0,0
BRDA:38,2,1,0
BRDA:48,3,0,0
BRDA:48,3,1,0
BRDA:48,4,0,0
BRDA:48,4,1,0
BRDA:48,4,2,0
BRDA:67,5,0,0
BRDA:67,5,1,0
BRDA:96,6,0,0
BRDA:96,6,1,0
BRDA:101,7,0,0
BRDA:101,7,1,0
BRDA:124,8,0,0
BRDA:124,8,1,0
BRDA:124,8,2,0
BRDA:138,9,0,0
BRDA:138,9,1,0
BRDA:141,10,0,0
BRDA:141,10,1,0
BRDA:151,11,0,0
BRDA:151,11,1,0
BRDA:154,12,0,0
BRDA:154,12,1,0
BRF:29
BRH:0
end_of_record
TN:
SF:lib/commands/spark-generator.js
FN:24,(anonymous_0)
FN:41,(anonymous_1)
FN:49,(anonymous_2)
FN:58,(anonymous_3)
FN:59,(anonymous_4)
FN:100,(anonymous_5)
FN:105,(anonymous_6)
FN:111,(anonymous_7)
FN:197,(anonymous_8)
FN:209,(anonymous_9)
FN:234,(anonymous_10)
FN:277,(anonymous_11)
FN:285,(anonymous_12)
FN:375,(anonymous_13)
FN:427,(anonymous_14)
FN:602,(anonymous_15)
FN:662,generateSparkApp
FNF:17
FNH:0
FNDA:0,(anonymous_0)
FNDA:0,(anonymous_1)
FNDA:0,(anonymous_2)
FNDA:0,(anonymous_3)
FNDA:0,(anonymous_4)
FNDA:0,(anonymous_5)
FNDA:0,(anonymous_6)
FNDA:0,(anonymous_7)
FNDA:0,(anonymous_8)
FNDA:0,(anonymous_9)
FNDA:0,(anonymous_10)
FNDA:0,(anonymous_11)
FNDA:0,(anonymous_12)
FNDA:0,(anonymous_13)
FNDA:0,(anonymous_14)
FNDA:0,(anonymous_15)
FNDA:0,generateSparkApp
DA:1,0
DA:2,0
DA:3,0
DA:4,0
DA:5,0
DA:6,0
DA:11,0
DA:25,0
DA:27,0
DA:29,0
DA:32,0
DA:35,0
DA:36,0
DA:37,0
DA:42,0
DA:44,0
DA:45,0
DA:49,0
DA:53,0
DA:54,0
DA:58,0
DA:59,0
DA:64,0
DA:65,0
DA:73,0
DA:76,0
DA:77,0
DA:80,0
DA:86,0
DA:88,0
DA:102,0
DA:105,0
DA:108,0
DA:112,0
DA:114,0
DA:116,0
DA:117,0
DA:118,0
DA:119,0
DA:120,0
DA:121,0
DA:125,0
DA:126,0
DA:128,0
DA:129,0
DA:130,0
DA:133,0
DA:134,0
DA:135,0
DA:136,0
DA:137,0
DA:138,0
DA:139,0
DA:140,0
DA:141,0
DA:143,0
DA:146,0
DA:147,0
DA:148,0
DA:149,0
DA:153,0
DA:155,0
DA:156,0
DA:157,0
DA:159,0
DA:160,0
DA:164,0
DA:165,0
DA:166,0
DA:167,0
DA:169,0
DA:174,0
DA:176,0
DA:177,0
DA:178,0
DA:179,0
DA:181,0
DA:182,0
DA:183,0
DA:184,0
DA:187,0
DA:188,0
DA:189,0
DA:190,0
DA:192,0
DA:199,0
DA:201,0
DA:202,0
DA:203,0
DA:204,0
DA:205,0
DA:210,0
DA:213,0
DA:216,0
DA:217,0
DA:218,0
DA:221,0
DA:223,0
DA:227,0
DA:228,0
DA:231,0
DA:235,0
DA:269,0
DA:270,0
DA:271,0
DA:278,0
DA:279,0
DA:286,0
DA:302,0
DA:376,0
DA:377,0
DA:379,0
DA:381,0
DA:382,0
DA:383,0
DA:384,0
DA:387,0
DA:388,0
DA:389,0
DA:390,0
DA:391,0
DA:394,0
DA:395,0
DA:396,0
DA:397,0
DA:398,0
DA:399,0
DA:403,0
DA:404,0
DA:405,0
DA:415,0
DA:418,0
DA:419,0
DA:428,0
DA:430,0
DA:432,0
DA:433,0
DA:434,0
DA:435,0
DA:436,0
DA:439,0
DA:449,0
DA:525,0
DA:527,0
DA:528,0
DA:531,0
DA:532,0
DA:536,0
DA:538,0
DA:539,0
DA:540,0
DA:544,0
DA:590,0
DA:591,0
DA:592,0
DA:593,0
DA:596,0
DA:602,0
DA:644,0
DA:645,0
DA:646,0
DA:648,0
DA:649,0
DA:650,0
DA:653,0
DA:654,0
DA:656,0
DA:663,0
DA:664,0
DA:667,0
LF:170
LH:0
BRDA:36,0,0,0
BRDA:36,0,1,0
BRDA:44,1,0,0
BRDA:44,1,1,0
BRDA:49,2,0,0
BRDA:49,2,1,0
BRDA:53,3,0,0
BRDA:53,3,1,0
BRDA:58,4,0,0
BRDA:58,4,1,0
BRDA:59,5,0,0
BRDA:59,5,1,0
BRDA:64,6,0,0
BRDA:64,6,1,0
BRDA:77,7,0,0
BRDA:77,7,1,0
BRDA:77,7,2,0
BRDA:80,8,0,0
BRDA:80,8,1,0
BRDA:80,8,2,0
BRDA:80,8,3,0
BRDA:80,8,4,0
BRDA:86,9,0,0
BRDA:86,9,1,0
BRDA:86,9,2,0
BRDA:89,10,0,0
BRDA:89,10,1,0
BRDA:90,11,0,0
BRDA:90,11,1,0
BRDA:94,12,0,0
BRDA:94,12,1,0
BRDA:94,13,0,0
BRDA:94,13,1,0
BRDA:108,14,0,0
BRDA:108,14,1,0
BRDA:116,15,0,0
BRDA:116,15,1,0
BRDA:119,16,0,0
BRDA:119,16,1,0
BRDA:138,17,0,0
BRDA:138,17,1,0
BRDA:140,18,0,0
BRDA:140,18,1,0
BRDA:146,19,0,0
BRDA:146,19,1,0
BRDA:148,20,0,0
BRDA:148,20,1,0
BRDA:164,21,0,0
BRDA:164,21,1,0
BRDA:177,22,0,0
BRDA:177,22,1,0
BRDA:183,23,0,0
BRDA:183,23,1,0
BRDA:187,24,0,0
BRDA:187,24,1,0
BRDA:187,25,0,0
BRDA:187,25,1,0
BRDA:227,26,0,0
BRDA:227,26,1,0
BRDA:277,27,0,0
BRDA:285,28,0,0
BRDA:286,29,0,0
BRDA:286,29,1,0
BRDA:320,30,0,0
BRDA:320,30,1,0
BRDA:329,31,0,0
BRDA:329,31,1,0
BRDA:334,32,0,0
BRDA:334,32,1,0
BRDA:395,33,0,0
BRDA:395,33,1,0
BRF:71
BRH:0
end_of_record
TN:
SF:lib/commands/spark.js
FN:17,getDesignSystemConfig
FN:70,getAppRequirements
FN:81,(anonymous_2)
FN:91,(anonymous_3)
FN:92,(anonymous_4)
FN:108,getAppRequirements_OLD
FN:117,(anonymous_6)
FN:126,(anonymous_7)
FN:127,(anonymous_8)
FN:168,generateAppName
FN:173,(anonymous_10)
FN:179,generateSparkApp
FN:269,generateAppCode
FN:275,parseAIResponse
FN:297,generateFallbackApp
FN:384,writeGeneratedFiles
FN:393,applyIngkaSkapaDesignSystem
FN:492,applyCWDSDesignSystem
FN:532,spark
FNF:19
FNH:0
FNDA:0,getDesignSystemConfig
FNDA:0,getAppRequirements
FNDA:0,(anonymous_2)
FNDA:0,(anonymous_3)
FNDA:0,(anonymous_4)
FNDA:0,getAppRequirements_OLD
FNDA:0,(anonymous_6)
FNDA:0,(anonymous_7)
FNDA:0,(anonymous_8)
FNDA:0,generateAppName
FNDA:0,(anonymous_10)
FNDA:0,generateSparkApp
FNDA:0,generateAppCode
FNDA:0,parseAIResponse
FNDA:0,generateFallbackApp
FNDA:0,writeGeneratedFiles
FNDA:0,applyIngkaSkapaDesignSystem
FNDA:0,applyCWDSDesignSystem
FNDA:0,spark
DA:3,0
DA:4,0
DA:5,0
DA:6,0
DA:7,0
DA:9,0
DA:10,0
DA:11,0
DA:19,0
DA:20,0
DA:21,0
DA:22,0
DA:26,0
DA:27,0
DA:28,0
DA:30,0
DA:31,0
DA:32,0
DA:33,0
DA:40,0
DA:41,0
DA:43,0
DA:62,0
DA:71,0
DA:72,0
DA:75,0
DA:76,0
DA:77,0
DA:81,0
DA:86,0
DA:87,0
DA:91,0
DA:92,0
DA:96,0
DA:98,0
DA:109,0
DA:110,0
DA:112,0
DA:113,0
DA:117,0
DA:121,0
DA:122,0
DA:126,0
DA:127,0
DA:131,0
DA:132,0
DA:152,0
DA:154,0
DA:155,0
DA:156,0
DA:158,0
DA:170,0
DA:173,0
DA:176,0
DA:180,0
DA:181,0
DA:182,0
DA:184,0
DA:186,0
DA:187,0
DA:188,0
DA:189,0
DA:193,0
DA:194,0
DA:196,0
DA:197,0
DA:198,0
DA:201,0
DA:202,0
DA:203,0
DA:204,0
DA:205,0
DA:206,0
DA:207,0
DA:208,0
DA:209,0
DA:211,0
DA:214,0
DA:215,0
DA:218,0
DA:219,0
DA:224,0
DA:226,0
DA:229,0
DA:232,0
DA:233,0
DA:234,0
DA:235,0
DA:237,0
DA:242,0
DA:244,0
DA:245,0
DA:246,0
DA:247,0
DA:248,0
DA:249,0
DA:250,0
DA:251,0
DA:253,0
DA:254,0
DA:255,0
DA:256,0
DA:259,0
DA:260,0
DA:261,0
DA:262,0
DA:264,0
DA:270,0
DA:272,0
DA:277,0
DA:280,0
DA:283,0
DA:284,0
DA:285,0
DA:286,0
DA:290,0
DA:291,0
DA:294,0
DA:298,0
DA:299,0
DA:315,0
DA:385,0
DA:386,0
DA:387,0
DA:388,0
DA:389,0
DA:394,0
DA:396,0
DA:398,0
DA:401,0
DA:404,0
DA:407,0
DA:420,0
DA:422,0
DA:425,0
DA:426,0
DA:427,0
DA:437,0
DA:440,0
DA:441,0
DA:442,0
DA:465,0
DA:468,0
DA:469,0
DA:470,0
DA:471,0
DA:472,0
DA:473,0
DA:474,0
DA:478,0
DA:479,0
DA:480,0
DA:481,0
DA:482,0
DA:485,0
DA:486,0
DA:487,0
DA:488,0
DA:493,0
DA:495,0
DA:497,0
DA:498,0
DA:501,0
DA:511,0
DA:513,0
DA:515,0
DA:516,0
DA:517,0
DA:518,0
DA:519,0
DA:522,0
DA:523,0
DA:524,0
DA:525,0
DA:532,0
DA:533,0
DA:534,0
DA:536,0
DA:537,0
DA:538,0
DA:539,0
DA:541,0
DA:543,0
DA:546,0
DA:549,0
DA:552,0
DA:553,0
DA:554,0
DA:555,0
LF:189
LH:0
BRDA:17,0,0,0
BRDA:19,1,0,0
BRDA:19,1,1,0
BRDA:22,2,0,0
BRDA:22,2,1,0
BRDA:30,3,0,0
BRDA:30,3,1,0
BRDA:30,4,0,0
BRDA:30,4,1,0
BRDA:31,5,0,0
BRDA:31,5,1,0
BRDA:32,6,0,0
BRDA:32,6,1,0
BRDA:70,7,0,0
BRDA:70,8,0,0
BRDA:75,9,0,0
BRDA:75,9,1,0
BRDA:81,10,0,0
BRDA:81,10,1,0
BRDA:86,11,0,0
BRDA:86,11,1,0
BRDA:91,12,0,0
BRDA:91,12,1,0
BRDA:92,13,0,0
BRDA:92,13,1,0
BRDA:96,14,0,0
BRDA:96,14,1,0
BRDA:99,15,0,0
BRDA:99,15,1,0
BRDA:100,16,0,0
BRDA:100,16,1,0
BRDA:101,17,0,0
BRDA:101,17,1,0
BRDA:108,18,0,0
BRDA:112,19,0,0
BRDA:112,19,1,0
BRDA:117,20,0,0
BRDA:117,20,1,0
BRDA:121,21,0,0
BRDA:121,21,1,0
BRDA:126,22,0,0
BRDA:126,22,1,0
BRDA:127,23,0,0
BRDA:127,23,1,0
BRDA:131,24,0,0
BRDA:131,24,1,0
BRDA:152,25,0,0
BRDA:152,25,1,0
BRDA:154,26,0,0
BRDA:154,26,1,0
BRDA:154,26,2,0
BRDA:156,27,0,0
BRDA:156,27,1,0
BRDA:159,28,0,0
BRDA:159,28,1,0
BRDA:160,29,0,0
BRDA:160,29,1,0
BRDA:161,30,0,0
BRDA:161,30,1,0
BRDA:176,31,0,0
BRDA:176,31,1,0
BRDA:181,32,0,0
BRDA:181,32,1,0
BRDA:186,33,0,0
BRDA:186,33,1,0
BRDA:188,34,0,0
BRDA:188,34,1,0
BRDA:206,35,0,0
BRDA:206,35,1,0
BRDA:208,36,0,0
BRDA:208,36,1,0
BRDA:214,37,0,0
BRDA:214,37,1,0
BRDA:218,38,0,0
BRDA:218,38,1,0
BRDA:232,39,0,0
BRDA:232,39,1,0
BRDA:245,40,0,0
BRDA:245,40,1,0
BRDA:249,41,0,0
BRDA:249,41,1,0
BRDA:255,42,0,0
BRDA:255,42,1,0
BRDA:259,43,0,0
BRDA:259,43,1,0
BRDA:259,44,0,0
BRDA:259,44,1,0
BRDA:269,45,0,0
BRDA:290,46,0,0
BRDA:290,46,1,0
BRDA:297,47,0,0
BRDA:298,48,0,0
BRDA:298,48,1,0
BRDA:299,49,0,0
BRDA:299,49,1,0
BRDA:333,50,0,0
BRDA:333,50,1,0
BRDA:342,51,0,0
BRDA:342,51,1,0
BRDA:347,52,0,0
BRDA:347,52,1,0
BRDA:469,53,0,0
BRDA:469,53,1,0
BRDA:471,54,0,0
BRDA:471,54,1,0
BRDA:532,55,0,0
BRF:106
BRH:0
end_of_record
TN:
SF:lib/commands/spec.js
FN:29,(anonymous_0)
FN:53,(anonymous_1)
FN:111,(anonymous_2)
FN:174,(anonymous_3)
FN:278,(anonymous_4)
FN:304,(anonymous_5)
FN:324,(anonymous_6)
FN:338,(anonymous_7)
FN:358,(anonymous_8)
FN:390,(anonymous_9)
FN:418,(anonymous_10)
FN:436,(anonymous_11)
FN:441,(anonymous_12)
FN:459,(anonymous_13)
FNF:14
FNH:0
FNDA:0,(anonymous_0)
FNDA:0,(anonymous_1)
FNDA:0,(anonymous_2)
FNDA:0,(anonymous_3)
FNDA:0,(anonymous_4)
FNDA:0,(anonymous_5)
FNDA:0,(anonymous_6)
FNDA:0,(anonymous_7)
FNDA:0,(anonymous_8)
FNDA:0,(anonymous_9)
FNDA:0,(anonymous_10)
FNDA:0,(anonymous_11)
FNDA:0,(anonymous_12)
FNDA:0,(anonymous_13)
DA:16,0
DA:17,0
DA:18,0
DA:19,0
DA:30,0
DA:31,0
DA:32,0
DA:33,0
DA:34,0
DA:35,0
DA:36,0
DA:37,0
DA:40,0
DA:41,0
DA:43,0
DA:45,0
DA:54,0
DA:55,0
DA:56,0
DA:58,0
DA:96,0
DA:97,0
DA:98,0
DA:99,0
DA:100,0
DA:103,0
DA:112,0
DA:113,0
DA:114,0
DA:116,0
DA:159,0
DA:160,0
DA:161,0
DA:162,0
DA:163,0
DA:166,0
DA:175,0
DA:176,0
DA:177,0
DA:179,0
DA:263,0
DA:264,0
DA:265,0
DA:266,0
DA:267,0
DA:270,0
DA:279,0
DA:280,0
DA:282,0
DA:283,0
DA:285,0
DA:286,0
DA:287,0
DA:289,0
DA:290,0
DA:292,0
DA:296,0
DA:305,0
DA:306,0
DA:308,0
DA:309,0
DA:311,0
DA:312,0
DA:313,0
DA:315,0
DA:316,0
DA:318,0
DA:319,0
DA:320,0
DA:321,0
DA:323,0
DA:324,0
DA:325,0
DA:330,0
DA:339,0
DA:340,0
DA:342,0
DA:343,0
DA:345,0
DA:346,0
DA:347,0
DA:349,0
DA:350,0
DA:351,0
DA:355,0
DA:356,0
DA:357,0
DA:358,0
DA:359,0
DA:360,0
DA:364,0
DA:365,0
DA:367,0
DA:368,0
DA:370,0
DA:373,0
DA:375,0
DA:376,0
DA:377,0
DA:378,0
DA:379,0
DA:382,0
DA:391,0
DA:392,0
DA:394,0
DA:395,0
DA:397,0
DA:398,0
DA:400,0
DA:401,0
DA:403,0
DA:404,0
DA:405,0
DA:406,0
DA:407,0
DA:408,0
DA:411,0
DA:419,0
DA:420,0
DA:421,0
DA:423,0
DA:424,0
DA:425,0
DA:426,0
DA:429,0
DA:438,0
DA:439,0
DA:440,0
DA:441,0
DA:443,0
DA:444,0
DA:445,0
DA:446,0
DA:447,0
DA:448,0
DA:451,0
DA:452,0
DA:460,0
DA:461,0
DA:462,0
DA:463,0
DA:464,0
DA:468,0
LF:143
LH:0
BRDA:29,0,0,0
BRDA:31,1,0,0
BRDA:31,1,1,0
BRDA:53,2,0,0
BRDA:98,3,0,0
BRDA:98,3,1,0
BRDA:111,4,0,0
BRDA:161,5,0,0
BRDA:161,5,1,0
BRDA:174,6,0,0
BRDA:265,7,0,0
BRDA:265,7,1,0
BRDA:278,8,0,0
BRDA:285,9,0,0
BRDA:285,9,1,0
BRDA:289,10,0,0
BRDA:289,10,1,0
BRDA:304,11,0,0
BRDA:311,12,0,0
BRDA:311,12,1,0
BRDA:315,13,0,0
BRDA:315,13,1,0
BRDA:318,14,0,0
BRDA:318,14,1,0
BRDA:338,15,0,0
BRDA:345,16,0,0
BRDA:345,16,1,0
BRDA:349,17,0,0
BRDA:349,17,1,0
BRDA:356,18,0,0
BRDA:356,18,1,0
BRDA:364,19,0,0
BRDA:364,19,1,0
BRDA:390,20,0,0
BRDA:397,21,0,0
BRDA:397,21,1,0
BRDA:443,22,0,0
BRDA:443,22,1,0
BRDA:445,23,0,0
BRDA:445,23,1,0
BRDA:459,24,0,0
BRDA:463,25,0,0
BRDA:463,25,1,0
BRDA:463,26,0,0
BRDA:463,26,1,0
BRF:45
BRH:0
end_of_record
TN:
SF:lib/commands/team.js
FN:22,(anonymous_0)
FN:74,(anonymous_1)
FN:81,(anonymous_2)
FN:81,(anonymous_3)
FN:82,(anonymous_4)
FN:136,(anonymous_5)
FN:153,(anonymous_6)
FN:166,(anonymous_7)
FN:172,(anonymous_8)
FN:195,(anonymous_9)
FN:215,(anonymous_10)
FN:233,(anonymous_11)
FN:252,(anonymous_12)
FN:272,(anonymous_13)
FN:306,(anonymous_14)
FN:323,(anonymous_15)
FN:359,(anonymous_16)
FN:396,(anonymous_17)
FN:439,(anonymous_18)
FN:450,(anonymous_19)
FN:460,(anonymous_20)
FN:468,(anonymous_21)
FNF:22
FNH:0
FNDA:0,(anonymous_0)
FNDA:0,(anonymous_1)
FNDA:0,(anonymous_2)
FNDA:0,(anonymous_3)
FNDA:0,(anonymous_4)
FNDA:0,(anonymous_5)
FNDA:0,(anonymous_6)
FNDA:0,(anonymous_7)
FNDA:0,(anonymous_8)
FNDA:0,(anonymous_9)
FNDA:0,(anonymous_10)
FNDA:0,(anonymous_11)
FNDA:0,(anonymous_12)
FNDA:0,(anonymous_13)
FNDA:0,(anonymous_14)
FNDA:0,(anonymous_15)
FNDA:0,(anonymous_16)
FNDA:0,(anonymous_17)
FNDA:0,(anonymous_18)
FNDA:0,(anonymous_19)
FNDA:0,(anonymous_20)
FNDA:0,(anonymous_21)
DA:6,0
DA:7,0
DA:8,0
DA:9,0
DA:10,0
DA:11,0
DA:12,0
DA:13,0
DA:23,0
DA:25,0
DA:27,0
DA:59,0
DA:60,0
DA:65,0
DA:66,0
DA:68,0
DA:69,0
DA:74,0
DA:81,0
DA:83,0
DA:84,0
DA:92,0
DA:99,0
DA:100,0
DA:109,0
DA:110,0
DA:113,0
DA:122,0
DA:123,0
DA:126,0
DA:128,0
DA:129,0
DA:137,0
DA:138,0
DA:139,0
DA:141,0
DA:142,0
DA:143,0
DA:146,0
DA:147,0
DA:148,0
DA:149,0
DA:152,0
DA:153,0
DA:156,0
DA:157,0
DA:158,0
DA:161,0
DA:166,0
DA:173,0
DA:174,0
DA:182,0
DA:184,0
DA:185,0
DA:187,0
DA:188,0
DA:196,0
DA:197,0
DA:198,0
DA:200,0
DA:201,0
DA:202,0
DA:205,0
DA:207,0
DA:208,0
DA:216,0
DA:217,0
DA:219,0
DA:222,0
DA:225,0
DA:227,0
DA:228,0
DA:229,0
DA:230,0
DA:232,0
DA:233,0
DA:234,0
DA:237,0
DA:241,0
DA:243,0
DA:244,0
DA:253,0
DA:254,0
DA:256,0
DA:257,0
DA:259,0
DA:260,0
DA:261,0
DA:265,0
DA:266,0
DA:272,0
DA:276,0
DA:279,0
DA:280,0
DA:281,0
DA:283,0
DA:284,0
DA:288,0
DA:289,0
DA:292,0
DA:293,0
DA:294,0
DA:296,0
DA:297,0
DA:298,0
DA:302,0
DA:304,0
DA:305,0
DA:306,0
DA:309,0
DA:310,0
DA:311,0
DA:313,0
DA:314,0
DA:318,0
DA:323,0
DA:330,0
DA:331,0
DA:334,0
DA:335,0
DA:336,0
DA:338,0
DA:339,0
DA:340,0
DA:342,0
DA:343,0
DA:344,0
DA:345,0
DA:347,0
DA:349,0
DA:351,0
DA:352,0
DA:360,0
DA:361,0
DA:363,0
DA:364,0
DA:366,0
DA:367,0
DA:368,0
DA:369,0
DA:373,0
DA:374,0
DA:375,0
DA:376,0
DA:378,0
DA:379,0
DA:380,0
DA:381,0
DA:383,0
DA:384,0
DA:385,0
DA:388,0
DA:389,0
DA:397,0
DA:398,0
DA:400,0
DA:409,0
DA:410,0
DA:411,0
DA:415,0
DA:418,0
DA:419,0
DA:421,0
DA:422,0
DA:426,0
DA:429,0
DA:431,0
DA:432,0
DA:440,0
DA:441,0
DA:442,0
DA:444,0
DA:445,0
DA:446,0
DA:449,0
DA:450,0
DA:451,0
DA:452,0
DA:456,0
DA:457,0
DA:458,0
DA:460,0
DA:461,0
DA:462,0
DA:466,0
DA:467,0
DA:468,0
DA:469,0
DA:473,0
DA:477,0
LF:190
LH:0
BRDA:22,0,0,0
BRDA:74,1,0,0
BRDA:74,1,1,0
BRDA:79,2,0,0
BRDA:79,2,1,0
BRDA:122,3,0,0
BRDA:122,3,1,0
BRDA:136,4,0,0
BRDA:141,5,0,0
BRDA:141,5,1,0
BRDA:147,6,0,0
BRDA:147,6,1,0
BRDA:156,7,0,0
BRDA:156,7,1,0
BRDA:166,8,0,0
BRDA:166,8,1,0
BRDA:200,9,0,0
BRDA:200,9,1,0
BRDA:252,10,0,0
BRDA:259,11,0,0
BRDA:259,11,1,0
BRDA:272,12,0,0
BRDA:272,12,1,0
BRDA:359,13,0,0
BRDA:366,14,0,0
BRDA:366,14,1,0
BRDA:366,15,0,0
BRDA:366,15,1,0
BRDA:396,16,0,0
BRDA:409,17,0,0
BRDA:409,17,1,0
BRDA:421,18,0,0
BRDA:421,18,1,0
BRDA:461,19,0,0
BRDA:461,19,1,0
BRDA:466,20,0,0
BRDA:466,20,1,0
BRF:37
BRH:0
end_of_record
TN:
SF:lib/commands/vscode.js
FN:8,vscodeCommand
FNF:1
FNH:0
FNDA:0,vscodeCommand
DA:1,0
DA:2,0
DA:3,0
DA:4,0
DA:5,0
DA:6,0
DA:9,0
DA:12,0
DA:13,0
DA:15,0
DA:16,0
DA:17,0
DA:18,0
DA:19,0
DA:23,0
DA:24,0
DA:26,0
DA:33,0
DA:34,0
DA:35,0
DA:36,0
DA:37,0
DA:38,0
DA:40,0
DA:41,0
DA:46,0
DA:47,0
DA:49,0
DA:50,0
DA:53,0
DA:63,0
DA:66,0
DA:76,0
DA:79,0
DA:80,0
DA:82,0
DA:83,0
DA:84,0
DA:86,0
DA:87,0
DA:91,0
DA:92,0
DA:95,0
LF:43
LH:0
BRDA:15,0,0,0
BRDA:15,0,1,0
BRDA:15,1,0,0
BRDA:15,1,1,0
BRDA:23,2,0,0
BRDA:23,2,1,0
BRDA:28,3,0,0
BRDA:28,3,1,0
BRDA:29,4,0,0
BRDA:29,4,1,0
BRDA:46,5,0,0
BRDA:46,5,1,0
BRF:12
BRH:0
end_of_record
TN:
SF:lib/team/analytics.js
FN:15,(anonymous_0)
FN:23,(anonymous_1)
FN:59,(anonymous_2)
FN:63,(anonymous_3)
FN:79,(anonymous_4)
FN:88,(anonymous_5)
FN:92,(anonymous_6)
FN:102,(anonymous_7)
FN:103,(anonymous_8)
FN:112,(anonymous_9)
FN:125,(anonymous_10)
FN:126,(anonymous_11)
FN:131,(anonymous_12)
FN:133,(anonymous_13)
FN:134,(anonymous_14)
FN:136,(anonymous_15)
FN:144,(anonymous_16)
FN:147,(anonymous_17)
FN:157,(anonymous_18)
FN:158,(anonymous_19)
FN:167,(anonymous_20)
FN:179,(anonymous_21)
FN:182,(anonymous_22)
FN:185,(anonymous_23)
FN:202,(anonymous_24)
FN:214,(anonymous_25)
FN:232,(anonymous_26)
FN:259,(anonymous_27)
FN:267,(anonymous_28)
FN:276,(anonymous_29)
FN:287,(anonymous_30)
FN:300,(anonymous_31)
FN:318,(anonymous_32)
FN:320,(anonymous_33)
FN:324,(anonymous_34)
FN:326,(anonymous_35)
FN:331,(anonymous_36)
FN:337,(anonymous_37)
FN:338,(anonymous_38)
FN:345,(anonymous_39)
FN:357,(anonymous_40)
FNF:41
FNH:0
FNDA:0,(anonymous_0)
FNDA:0,(anonymous_1)
FNDA:0,(anonymous_2)
FNDA:0,(anonymous_3)
FNDA:0,(anonymous_4)
FNDA:0,(anonymous_5)
FNDA:0,(anonymous_6)
FNDA:0,(anonymous_7)
FNDA:0,(anonymous_8)
FNDA:0,(anonymous_9)
FNDA:0,(anonymous_10)
FNDA:0,(anonymous_11)
FNDA:0,(anonymous_12)
FNDA:0,(anonymous_13)
FNDA:0,(anonymous_14)
FNDA:0,(anonymous_15)
FNDA:0,(anonymous_16)
FNDA:0,(anonymous_17)
FNDA:0,(anonymous_18)
FNDA:0,(anonymous_19)
FNDA:0,(anonymous_20)
FNDA:0,(anonymous_21)
FNDA:0,(anonymous_22)
FNDA:0,(anonymous_23)
FNDA:0,(anonymous_24)
FNDA:0,(anonymous_25)
FNDA:0,(anonymous_26)
FNDA:0,(anonymous_27)
FNDA:0,(anonymous_28)
FNDA:0,(anonymous_29)
FNDA:0,(anonymous_30)
FNDA:0,(anonymous_31)
FNDA:0,(anonymous_32)
FNDA:0,(anonymous_33)
FNDA:0,(anonymous_34)
FNDA:0,(anonymous_35)
FNDA:0,(anonymous_36)
FNDA:0,(anonymous_37)
FNDA:0,(anonymous_38)
FNDA:0,(anonymous_39)
FNDA:0,(anonymous_40)
DA:6,0
DA:7,0
DA:8,0
DA:16,0
DA:17,0
DA:24,0
DA:40,0
DA:41,0
DA:43,0
DA:52,0
DA:53,0
DA:60,0
DA:61,0
DA:63,0
DA:64,0
DA:65,0
DA:68,0
DA:69,0
DA:70,0
DA:72,0
DA:79,0
DA:89,0
DA:92,0
DA:93,0
DA:102,0
DA:103,0
DA:104,0
DA:105,0
DA:106,0
DA:112,0
DA:113,0
DA:119,0
DA:126,0
DA:128,0
DA:131,0
DA:133,0
DA:134,0
DA:136,0
DA:145,0
DA:147,0
DA:148,0
DA:157,0
DA:158,0
DA:159,0
DA:160,0
DA:161,0
DA:162,0
DA:167,0
DA:168,0
DA:169,0
DA:170,0
DA:173,0
DA:180,0
DA:181,0
DA:182,0
DA:183,0
DA:185,0
DA:186,0
DA:187,0
DA:196,0
DA:203,0
DA:204,0
DA:205,0
DA:206,0
DA:207,0
DA:209,0
DA:214,0
DA:233,0
DA:234,0
DA:235,0
DA:238,0
DA:239,0
DA:240,0
DA:243,0
DA:244,0
DA:245,0
DA:246,0
DA:249,0
DA:250,0
DA:251,0
DA:252,0
DA:255,0
DA:256,0
DA:257,0
DA:259,0
DA:260,0
DA:262,0
DA:265,0
DA:266,0
DA:267,0
DA:268,0
DA:270,0
DA:274,0
DA:275,0
DA:276,0
DA:277,0
DA:281,0
DA:288,0
DA:289,0
DA:290,0
DA:301,0
DA:302,0
DA:304,0
DA:305,0
DA:306,0
DA:308,0
DA:309,0
DA:313,0
DA:319,0
DA:320,0
DA:321,0
DA:325,0
DA:326,0
DA:327,0
DA:328,0
DA:332,0
DA:334,0
DA:335,0
DA:337,0
DA:338,0
DA:340,0
DA:341,0
DA:342,0
DA:346,0
DA:348,0
DA:349,0
DA:352,0
DA:353,0
DA:356,0
DA:357,0
DA:359,0
DA:360,0
DA:363,0
DA:367,0
LF:134
LH:0
BRDA:29,0,0,0
BRDA:29,0,1,0
BRDA:31,1,0,0
BRDA:31,1,1,0
BRDA:59,2,0,0
BRDA:65,3,0,0
BRDA:65,3,1,0
BRDA:104,4,0,0
BRDA:104,4,1,0
BRDA:106,5,0,0
BRDA:106,5,1,0
BRDA:114,6,0,0
BRDA:114,6,1,0
BRDA:159,7,0,0
BRDA:159,7,1,0
BRDA:159,8,0,0
BRDA:159,8,1,0
BRDA:168,9,0,0
BRDA:168,9,1,0
BRDA:169,10,0,0
BRDA:169,10,1,0
BRDA:170,11,0,0
BRDA:170,11,1,0
BRDA:186,12,0,0
BRDA:186,12,1,0
BRDA:265,13,0,0
BRDA:265,13,1,0
BRDA:274,14,0,0
BRDA:274,14,1,0
BRDA:287,15,0,0
BRDA:300,16,0,0
BRDA:306,17,0,0
BRDA:306,17,1,0
BRDA:308,18,0,0
BRDA:308,18,1,0
BRDA:319,19,0,0
BRDA:319,19,1,0
BRDA:325,20,0,0
BRDA:325,20,1,0
BRDA:328,21,0,0
BRDA:328,21,1,0
BRDA:332,22,0,0
BRDA:332,22,1,0
BRDA:340,23,0,0
BRDA:340,23,1,0
BRDA:341,24,0,0
BRDA:341,24,1,0
BRDA:348,25,0,0
BRDA:348,25,1,0
BRDA:352,26,0,0
BRDA:352,26,1,0
BRDA:359,27,0,0
BRDA:359,27,1,0
BRF:53
BRH:0
end_of_record
TN:
SF:lib/team/api-server.js
FN:31,(anonymous_0)
FN:52,(anonymous_1)
FN:65,(anonymous_2)
FN:71,(anonymous_3)
FN:81,(anonymous_4)
FN:88,(anonymous_5)
FN:90,(anonymous_6)
FN:95,(anonymous_7)
FN:127,(anonymous_8)
FN:142,(anonymous_9)
FN:156,(anonymous_10)
FN:161,(anonymous_11)
FN:170,(anonymous_12)
FN:182,(anonymous_13)
FN:191,(anonymous_14)
FN:211,(anonymous_15)
FN:217,(anonymous_16)
FN:221,(anonymous_17)
FN:238,(anonymous_18)
FN:249,(anonymous_19)
FN:259,(anonymous_20)
FN:264,(anonymous_21)
FN:280,(anonymous_22)
FN:312,(anonymous_23)
FN:322,(anonymous_24)
FN:339,(anonymous_25)
FN:383,(anonymous_26)
FN:416,(anonymous_27)
FN:460,(anonymous_28)
FN:507,(anonymous_29)
FN:513,(anonymous_30)
FN:514,(anonymous_31)
FN:536,(anonymous_32)
FN:538,(anonymous_33)
FN:558,(anonymous_34)
FN:560,(anonymous_35)
FN:562,(anonymous_36)
FN:573,(anonymous_37)
FN:575,(anonymous_38)
FN:576,(anonymous_39)
FN:590,(anonymous_40)
FN:616,(anonymous_41)
FN:617,(anonymous_42)
FN:631,(anonymous_43)
FN:646,(anonymous_44)
FN:647,(anonymous_45)
FN:652,(anonymous_46)
FN:666,(anonymous_47)
FN:672,(anonymous_48)
FNF:49
FNH:0
FNDA:0,(anonymous_0)
FNDA:0,(anonymous_1)
FNDA:0,(anonymous_2)
FNDA:0,(anonymous_3)
FNDA:0,(anonymous_4)
FNDA:0,(anonymous_5)
FNDA:0,(anonymous_6)
FNDA:0,(anonymous_7)
FNDA:0,(anonymous_8)
FNDA:0,(anonymous_9)
FNDA:0,(anonymous_10)
FNDA:0,(anonymous_11)
FNDA:0,(anonymous_12)
FNDA:0,(anonymous_13)
FNDA:0,(anonymous_14)
FNDA:0,(anonymous_15)
FNDA:0,(anonymous_16)
FNDA:0,(anonymous_17)
FNDA:0,(anonymous_18)
FNDA:0,(anonymous_19)
FNDA:0,(anonymous_20)
FNDA:0,(anonymous_21)
FNDA:0,(anonymous_22)
FNDA:0,(anonymous_23)
FNDA:0,(anonymous_24)
FNDA:0,(anonymous_25)
FNDA:0,(anonymous_26)
FNDA:0,(anonymous_27)
FNDA:0,(anonymous_28)
FNDA:0,(anonymous_29)
FNDA:0,(anonymous_30)
FNDA:0,(anonymous_31)
FNDA:0,(anonymous_32)
FNDA:0,(anonymous_33)
FNDA:0,(anonymous_34)
FNDA:0,(anonymous_35)
FNDA:0,(anonymous_36)
FNDA:0,(anonymous_37)
FNDA:0,(anonymous_38)
FNDA:0,(anonymous_39)
FNDA:0,(anonymous_40)
FNDA:0,(anonymous_41)
FNDA:0,(anonymous_42)
FNDA:0,(anonymous_43)
FNDA:0,(anonymous_44)
FNDA:0,(anonymous_45)
FNDA:0,(anonymous_46)
FNDA:0,(anonymous_47)
FNDA:0,(anonymous_48)
DA:8,0
DA:9,0
DA:10,0
DA:11,0
DA:12,0
DA:13,0
DA:14,0
DA:15,0
DA:16,0
DA:32,0
DA:33,0
DA:34,0
DA:35,0
DA:36,0
DA:37,0
DA:38,0
DA:39,0
DA:40,0
DA:41,0
DA:42,0
DA:43,0
DA:44,0
DA:45,0
DA:54,0
DA:61,0
DA:62,0
DA:65,0
DA:66,0
DA:67,0
DA:71,0
DA:72,0
DA:73,0
DA:81,0
DA:90,0
DA:91,0
DA:95,0
DA:96,0
DA:97,0
DA:105,0
DA:106,0
DA:109,0
DA:110,0
DA:111,0
DA:112,0
DA:113,0
DA:114,0
DA:115,0
DA:118,0
DA:119,0
DA:120,0
DA:128,0
DA:135,0
DA:143,0
DA:146,0
DA:149,0
DA:156,0
DA:157,0
DA:161,0
DA:162,0
DA:171,0
DA:172,0
DA:183,0
DA:184,0
DA:185,0
DA:188,0
DA:191,0
DA:201,0
DA:203,0
DA:212,0
DA:213,0
DA:214,0
DA:217,0
DA:222,0
DA:226,0
DA:228,0
DA:239,0
DA:240,0
DA:241,0
DA:245,0
DA:246,0
DA:247,0
DA:249,0
DA:259,0
DA:263,0
DA:264,0
DA:268,0
DA:270,0
DA:272,0
DA:281,0
DA:282,0
DA:283,0
DA:285,0
DA:286,0
DA:289,0
DA:304,0
DA:313,0
DA:314,0
DA:315,0
DA:317,0
DA:318,0
DA:321,0
DA:322,0
DA:331,0
DA:340,0
DA:341,0
DA:343,0
DA:344,0
DA:347,0
DA:348,0
DA:351,0
DA:359,0
DA:367,0
DA:375,0
DA:384,0
DA:385,0
DA:386,0
DA:388,0
DA:389,0
DA:390,0
DA:393,0
DA:394,0
DA:395,0
DA:397,0
DA:400,0
DA:406,0
DA:408,0
DA:417,0
DA:418,0
DA:419,0
DA:421,0
DA:422,0
DA:425,0
DA:426,0
DA:427,0
DA:430,0
DA:439,0
DA:446,0
DA:452,0
DA:461,0
DA:462,0
DA:463,0
DA:465,0
DA:466,0
DA:469,0
DA:470,0
DA:472,0
DA:475,0
DA:483,0
DA:490,0
DA:497,0
DA:508,0
DA:509,0
DA:510,0
DA:513,0
DA:514,0
DA:515,0
DA:516,0
DA:518,0
DA:528,0
DA:537,0
DA:538,0
DA:548,0
DA:550,0
DA:559,0
DA:560,0
DA:561,0
DA:562,0
DA:565,0
DA:566,0
DA:568,0
DA:573,0
DA:575,0
DA:576,0
DA:580,0
DA:591,0
DA:592,0
DA:595,0
DA:596,0
DA:597,0
DA:601,0
DA:604,0
DA:605,0
DA:609,0
DA:612,0
DA:613,0
DA:616,0
DA:617,0
DA:619,0
DA:622,0
DA:628,0
DA:631,0
DA:632,0
DA:633,0
DA:637,0
DA:638,0
DA:647,0
DA:648,0
DA:649,0
DA:651,0
DA:652,0
DA:653,0
DA:654,0
DA:657,0
DA:667,0
DA:672,0
DA:679,0
LF:206
LH:0
BRDA:31,0,0,0
BRDA:33,1,0,0
BRDA:33,1,1,0
BRDA:34,2,0,0
BRDA:34,2,1,0
BRDA:35,3,0,0
BRDA:35,3,1,0
BRDA:36,4,0,0
BRDA:36,4,1,0
BRDA:40,5,0,0
BRDA:40,5,1,0
BRDA:43,6,0,0
BRDA:43,6,1,0
BRDA:73,7,0,0
BRDA:73,7,1,0
BRDA:74,8,0,0
BRDA:74,8,1,0
BRDA:75,9,0,0
BRDA:75,9,1,0
BRDA:100,10,0,0
BRDA:100,10,1,0
BRDA:150,11,0,0
BRDA:150,11,1,0
BRDA:151,12,0,0
BRDA:151,12,1,0
BRDA:171,13,0,0
BRDA:171,13,1,0
BRDA:184,14,0,0
BRDA:184,14,1,0
BRDA:213,15,0,0
BRDA:213,15,1,0
BRDA:222,16,0,0
BRDA:222,16,1,0
BRDA:240,17,0,0
BRDA:240,17,1,0
BRDA:245,18,0,0
BRDA:245,18,1,0
BRDA:246,19,0,0
BRDA:246,19,1,0
BRDA:251,20,0,0
BRDA:251,20,1,0
BRDA:257,21,0,0
BRDA:257,21,1,0
BRDA:259,22,0,0
BRDA:259,22,1,0
BRDA:263,23,0,0
BRDA:263,23,1,0
BRDA:285,24,0,0
BRDA:285,24,1,0
BRDA:291,25,0,0
BRDA:291,25,1,0
BRDA:294,26,0,0
BRDA:294,26,1,0
BRDA:296,27,0,0
BRDA:296,27,1,0
BRDA:298,28,0,0
BRDA:298,28,1,0
BRDA:298,28,2,0
BRDA:300,29,0,0
BRDA:300,29,1,0
BRDA:317,30,0,0
BRDA:317,30,1,0
BRDA:321,31,0,0
BRDA:321,31,1,0
BRDA:327,32,0,0
BRDA:327,32,1,0
BRDA:327,33,0,0
BRDA:327,33,1,0
BRDA:343,34,0,0
BRDA:343,34,1,0
BRDA:389,35,0,0
BRDA:389,35,1,0
BRDA:393,36,0,0
BRDA:393,36,1,0
BRDA:394,37,0,0
BRDA:394,37,1,0
BRDA:395,38,0,0
BRDA:395,38,1,0
BRDA:421,39,0,0
BRDA:421,39,1,0
BRDA:465,40,0,0
BRDA:465,40,1,0
BRDA:472,41,0,0
BRDA:472,41,1,0
BRDA:509,42,0,0
BRDA:509,42,1,0
BRDA:515,43,0,0
BRDA:515,43,1,0
BRDA:516,44,0,0
BRDA:516,44,1,0
BRDA:540,45,0,0
BRDA:540,45,1,0
BRDA:541,46,0,0
BRDA:541,46,1,0
BRDA:542,47,0,0
BRDA:542,47,1,0
BRDA:545,48,0,0
BRDA:545,48,1,0
BRDA:561,49,0,0
BRDA:561,49,1,0
BRDA:562,50,0,0
BRDA:562,50,1,0
BRDA:566,51,0,0
BRDA:566,51,1,0
BRDA:572,52,0,0
BRDA:572,52,1,0
BRDA:576,53,0,0
BRDA:576,53,1,0
BRDA:595,54,0,0
BRDA:595,54,1,0
BRDA:604,55,0,0
BRDA:604,55,1,0
BRDA:648,56,0,0
BRDA:648,56,1,0
BRDA:651,57,0,0
BRDA:651,57,1,0
BRDA:668,58,0,0
BRDA:668,58,1,0
BRDA:671,59,0,0
BRDA:671,59,1,0
BRDA:672,60,0,0
BRDA:672,60,1,0
BRDA:673,61,0,0
BRDA:673,61,1,0
BRDA:674,62,0,0
BRDA:674,62,1,0
BRF:126
BRH:0
end_of_record
TN:
SF:lib/team/config-manager.js
FN:16,(anonymous_0)
FN:25,(anonymous_1)
FN:49,(anonymous_2)
FN:99,(anonymous_3)
FN:115,(anonymous_4)
FN:128,(anonymous_5)
FN:135,(anonymous_6)
FN:152,(anonymous_7)
FN:157,(anonymous_8)
FN:188,(anonymous_9)
FN:193,(anonymous_10)
FN:227,(anonymous_11)
FN:232,(anonymous_12)
FN:238,(anonymous_13)
FN:249,(anonymous_14)
FN:255,(anonymous_15)
FN:265,(anonymous_16)
FN:276,(anonymous_17)
FN:287,(anonymous_18)
FN:305,(anonymous_19)
FN:317,(anonymous_20)
FNF:21
FNH:0
FNDA:0,(anonymous_0)
FNDA:0,(anonymous_1)
FNDA:0,(anonymous_2)
FNDA:0,(anonymous_3)
FNDA:0,(anonymous_4)
FNDA:0,(anonymous_5)
FNDA:0,(anonymous_6)
FNDA:0,(anonymous_7)
FNDA:0,(anonymous_8)
FNDA:0,(anonymous_9)
FNDA:0,(anonymous_10)
FNDA:0,(anonymous_11)
FNDA:0,(anonymous_12)
FNDA:0,(anonymous_13)
FNDA:0,(anonymous_14)
FNDA:0,(anonymous_15)
FNDA:0,(anonymous_16)
FNDA:0,(anonymous_17)
FNDA:0,(anonymous_18)
FNDA:0,(anonymous_19)
FNDA:0,(anonymous_20)
DA:6,0
DA:7,0
DA:8,0
DA:9,0
DA:17,0
DA:18,0
DA:19,0
DA:32,0
DA:34,0
DA:35,0
DA:39,0
DA:40,0
DA:41,0
DA:42,0
DA:43,0
DA:49,0
DA:50,0
DA:51,0
DA:54,0
DA:55,0
DA:56,0
DA:60,0
DA:90,0
DA:91,0
DA:93,0
DA:100,0
DA:101,0
DA:102,0
DA:103,0
DA:105,0
DA:106,0
DA:108,0
DA:116,0
DA:117,0
DA:120,0
DA:121,0
DA:122,0
DA:129,0
DA:136,0
DA:137,0
DA:141,0
DA:142,0
DA:146,0
DA:147,0
DA:148,0
DA:152,0
DA:153,0
DA:157,0
DA:158,0
DA:161,0
DA:162,0
DA:165,0
DA:166,0
DA:176,0
DA:180,0
DA:182,0
DA:189,0
DA:190,0
DA:193,0
DA:194,0
DA:195,0
DA:198,0
DA:199,0
DA:202,0
DA:203,0
DA:204,0
DA:214,0
DA:219,0
DA:221,0
DA:228,0
DA:229,0
DA:232,0
DA:239,0
DA:240,0
DA:243,0
DA:250,0
DA:251,0
DA:254,0
DA:255,0
DA:256,0
DA:257,0
DA:258,0
DA:266,0
DA:267,0
DA:270,0
DA:277,0
DA:278,0
DA:281,0
DA:288,0
DA:289,0
DA:292,0
DA:299,0
DA:306,0
DA:307,0
DA:310,0
DA:311,0
DA:318,0
DA:319,0
DA:322,0
DA:334,0
LF:100
LH:0
BRDA:16,0,0,0
BRDA:25,1,0,0
BRDA:27,2,0,0
BRDA:28,3,0,0
BRDA:29,4,0,0
BRDA:30,5,0,0
BRDA:31,6,0,0
BRDA:34,7,0,0
BRDA:34,7,1,0
BRDA:34,8,0,0
BRDA:34,8,1,0
BRDA:40,9,0,0
BRDA:40,9,1,0
BRDA:42,10,0,0
BRDA:42,10,1,0
BRDA:50,11,0,0
BRDA:50,11,1,0
BRDA:50,12,0,0
BRDA:50,12,1,0
BRDA:55,13,0,0
BRDA:55,13,1,0
BRDA:65,14,0,0
BRDA:65,14,1,0
BRDA:105,15,0,0
BRDA:105,15,1,0
BRDA:116,16,0,0
BRDA:116,16,1,0
BRDA:136,17,0,0
BRDA:136,17,1,0
BRDA:141,18,0,0
BRDA:141,18,1,0
BRDA:147,19,0,0
BRDA:147,19,1,0
BRDA:152,20,0,0
BRDA:152,20,1,0
BRDA:157,21,0,0
BRDA:157,21,1,0
BRDA:176,22,0,0
BRDA:176,22,1,0
BRDA:189,23,0,0
BRDA:189,23,1,0
BRDA:194,24,0,0
BRDA:194,24,1,0
BRDA:202,25,0,0
BRDA:202,25,1,0
BRDA:214,26,0,0
BRDA:214,26,1,0
BRDA:228,27,0,0
BRDA:228,27,1,0
BRDA:239,28,0,0
BRDA:239,28,1,0
BRDA:250,29,0,0
BRDA:250,29,1,0
BRDA:256,30,0,0
BRDA:256,30,1,0
BRDA:257,31,0,0
BRDA:257,31,1,0
BRDA:266,32,0,0
BRDA:266,32,1,0
BRDA:277,33,0,0
BRDA:277,33,1,0
BRDA:288,34,0,0
BRDA:288,34,1,0
BRDA:306,35,0,0
BRDA:306,35,1,0
BRDA:318,36,0,0
BRDA:318,36,1,0
BRF:67
BRH:0
end_of_record
TN:
SF:lib/team/github-api.js
FN:31,(anonymous_0)
FN:69,(anonymous_1)
FN:132,(anonymous_2)
FN:176,(anonymous_3)
FN:223,(anonymous_4)
FN:257,(anonymous_5)
FN:270,(anonymous_6)
FN:297,(anonymous_7)
FN:331,(anonymous_8)
FN:366,(anonymous_9)
FN:397,(anonymous_10)
FN:423,(anonymous_11)
FN:451,(anonymous_12)
FN:478,(anonymous_13)
FN:500,(anonymous_14)
FN:509,(anonymous_15)
FNF:16
FNH:0
FNDA:0,(anonymous_0)
FNDA:0,(anonymous_1)
FNDA:0,(anonymous_2)
FNDA:0,(anonymous_3)
FNDA:0,(anonymous_4)
FNDA:0,(anonymous_5)
FNDA:0,(anonymous_6)
FNDA:0,(anonymous_7)
FNDA:0,(anonymous_8)
FNDA:0,(anonymous_9)
FNDA:0,(anonymous_10)
FNDA:0,(anonymous_11)
FNDA:0,(anonymous_12)
FNDA:0,(anonymous_13)
FNDA:0,(anonymous_14)
FNDA:0,(anonymous_15)
DA:14,0
DA:32,0
DA:33,0
DA:36,0
DA:37,0
DA:38,0
DA:39,0
DA:70,0
DA:71,0
DA:74,0
DA:75,0
DA:78,0
DA:80,0
DA:81,0
DA:84,0
DA:91,0
DA:100,0
DA:101,0
DA:106,0
DA:110,0
DA:112,0
DA:114,0
DA:133,0
DA:134,0
DA:137,0
DA:138,0
DA:139,0
DA:140,0
DA:143,0
DA:149,0
DA:150,0
DA:152,0
DA:177,0
DA:178,0
DA:181,0
DA:183,0
DA:185,0
DA:196,0
DA:198,0
DA:224,0
DA:225,0
DA:228,0
DA:230,0
DA:232,0
DA:241,0
DA:243,0
DA:258,0
DA:259,0
DA:262,0
DA:263,0
DA:266,0
DA:268,0
DA:270,0
DA:275,0
DA:298,0
DA:299,0
DA:302,0
DA:303,0
DA:311,0
DA:313,0
DA:332,0
DA:333,0
DA:336,0
DA:337,0
DA:344,0
DA:346,0
DA:367,0
DA:368,0
DA:371,0
DA:373,0
DA:374,0
DA:375,0
DA:378,0
DA:385,0
DA:398,0
DA:399,0
DA:402,0
DA:403,0
DA:404,0
DA:405,0
DA:408,0
DA:410,0
DA:424,0
DA:425,0
DA:428,0
DA:430,0
DA:432,0
DA:439,0
DA:452,0
DA:453,0
DA:456,0
DA:457,0
DA:458,0
DA:459,0
DA:462,0
DA:464,0
DA:479,0
DA:480,0
DA:483,0
DA:485,0
DA:488,0
DA:490,0
DA:501,0
DA:510,0
DA:514,0
LF:105
LH:0
BRDA:32,0,0,0
BRDA:32,0,1,0
BRDA:32,1,0,0
BRDA:32,1,1,0
BRDA:70,2,0,0
BRDA:70,2,1,0
BRDA:70,3,0,0
BRDA:70,3,1,0
BRDA:74,4,0,0
BRDA:74,4,1,0
BRDA:74,5,0,0
BRDA:74,5,1,0
BRDA:133,6,0,0
BRDA:133,6,1,0
BRDA:133,7,0,0
BRDA:133,7,1,0
BRDA:139,8,0,0
BRDA:139,8,1,0
BRDA:176,9,0,0
BRDA:177,10,0,0
BRDA:177,10,1,0
BRDA:177,11,0,0
BRDA:177,11,1,0
BRDA:223,12,0,0
BRDA:224,13,0,0
BRDA:224,13,1,0
BRDA:224,14,0,0
BRDA:224,14,1,0
BRDA:234,15,0,0
BRDA:234,15,1,0
BRDA:235,16,0,0
BRDA:235,16,1,0
BRDA:236,17,0,0
BRDA:236,17,1,0
BRDA:237,18,0,0
BRDA:237,18,1,0
BRDA:257,19,0,0
BRDA:258,20,0,0
BRDA:258,20,1,0
BRDA:258,21,0,0
BRDA:258,21,1,0
BRDA:262,22,0,0
BRDA:262,22,1,0
BRDA:262,23,0,0
BRDA:262,23,1,0
BRDA:298,24,0,0
BRDA:298,24,1,0
BRDA:298,25,0,0
BRDA:298,25,1,0
BRDA:298,25,2,0
BRDA:332,26,0,0
BRDA:332,26,1,0
BRDA:332,27,0,0
BRDA:332,27,1,0
BRDA:332,27,2,0
BRDA:367,28,0,0
BRDA:367,28,1,0
BRDA:367,29,0,0
BRDA:367,29,1,0
BRDA:367,29,2,0
BRDA:374,30,0,0
BRDA:374,30,1,0
BRDA:398,31,0,0
BRDA:398,31,1,0
BRDA:404,32,0,0
BRDA:404,32,1,0
BRDA:424,33,0,0
BRDA:424,33,1,0
BRDA:424,34,0,0
BRDA:424,34,1,0
BRDA:452,35,0,0
BRDA:452,35,1,0
BRDA:458,36,0,0
BRDA:458,36,1,0
BRDA:478,37,0,0
BRDA:479,38,0,0
BRDA:479,38,1,0
BRF:77
BRH:0
end_of_record
TN:
SF:lib/team/github-auth.js
FN:30,(anonymous_0)
FN:55,(anonymous_1)
FN:108,(anonymous_2)
FN:118,(anonymous_3)
FN:129,(anonymous_4)
FN:145,(anonymous_5)
FN:178,(anonymous_6)
FN:210,(anonymous_7)
FN:228,(anonymous_8)
FN:247,(anonymous_9)
FNF:10
FNH:0
FNDA:0,(anonymous_0)
FNDA:0,(anonymous_1)
FNDA:0,(anonymous_2)
FNDA:0,(anonymous_3)
FNDA:0,(anonymous_4)
FNDA:0,(anonymous_5)
FNDA:0,(anonymous_6)
FNDA:0,(anonymous_7)
FNDA:0,(anonymous_8)
FNDA:0,(anonymous_9)
DA:12,0
DA:13,0
DA:31,0
DA:32,0
DA:33,0
DA:56,0
DA:57,0
DA:60,0
DA:61,0
DA:63,0
DA:64,0
DA:67,0
DA:70,0
DA:71,0
DA:74,0
DA:79,0
DA:88,0
DA:89,0
DA:90,0
DA:91,0
DA:92,0
DA:93,0
DA:95,0
DA:109,0
DA:119,0
DA:130,0
DA:146,0
DA:148,0
DA:149,0
DA:152,0
DA:153,0
DA:155,0
DA:156,0
DA:159,0
DA:161,0
DA:179,0
DA:180,0
DA:183,0
DA:184,0
DA:186,0
DA:188,0
DA:189,0
DA:193,0
DA:198,0
DA:211,0
DA:213,0
DA:214,0
DA:215,0
DA:218,0
DA:229,0
DA:230,0
DA:250,0
DA:257,0
DA:258,0
DA:259,0
DA:260,0
DA:263,0
DA:278,0
DA:283,0
LF:59
LH:0
BRDA:30,0,0,0
BRDA:56,1,0,0
BRDA:56,1,1,0
BRDA:63,2,0,0
BRDA:63,2,1,0
BRDA:70,3,0,0
BRDA:70,3,1,0
BRDA:72,4,0,0
BRDA:72,4,1,0
BRDA:75,5,0,0
BRDA:75,5,1,0
BRDA:88,6,0,0
BRDA:88,6,1,0
BRDA:88,7,0,0
BRDA:88,7,1,0
BRDA:88,7,2,0
BRDA:90,8,0,0
BRDA:90,8,1,0
BRDA:92,9,0,0
BRDA:92,9,1,0
BRDA:148,10,0,0
BRDA:148,10,1,0
BRDA:155,11,0,0
BRDA:155,11,1,0
BRDA:179,12,0,0
BRDA:179,12,1,0
BRDA:179,13,0,0
BRDA:179,13,1,0
BRDA:188,14,0,0
BRDA:188,14,1,0
BRDA:214,15,0,0
BRDA:214,15,1,0
BRDA:230,16,0,0
BRDA:230,16,1,0
BRDA:247,17,0,0
BRDA:247,18,0,0
BRDA:257,19,0,0
BRDA:257,19,1,0
BRDA:257,20,0,0
BRDA:257,20,1,0
BRF:40
BRH:0
end_of_record
TN:
SF:lib/team/github-project-builder.js
FN:16,(anonymous_0)
FN:27,(anonymous_1)
FN:33,(anonymous_2)
FN:44,(anonymous_3)
FN:90,(anonymous_4)
FN:123,(anonymous_5)
FN:135,(anonymous_6)
FN:157,(anonymous_7)
FN:169,(anonymous_8)
FN:189,(anonymous_9)
FN:190,(anonymous_10)
FN:204,(anonymous_11)
FN:205,(anonymous_12)
FN:213,(anonymous_13)
FN:223,(anonymous_14)
FN:225,(anonymous_15)
FN:253,(anonymous_16)
FN:289,(anonymous_17)
FN:301,(anonymous_18)
FN:311,(anonymous_19)
FNF:20
FNH:0
FNDA:0,(anonymous_0)
FNDA:0,(anonymous_1)
FNDA:0,(anonymous_2)
FNDA:0,(anonymous_3)
FNDA:0,(anonymous_4)
FNDA:0,(anonymous_5)
FNDA:0,(anonymous_6)
FNDA:0,(anonymous_7)
FNDA:0,(anonymous_8)
FNDA:0,(anonymous_9)
FNDA:0,(anonymous_10)
FNDA:0,(anonymous_11)
FNDA:0,(anonymous_12)
FNDA:0,(anonymous_13)
FNDA:0,(anonymous_14)
FNDA:0,(anonymous_15)
FNDA:0,(anonymous_16)
FNDA:0,(anonymous_17)
FNDA:0,(anonymous_18)
FNDA:0,(anonymous_19)
DA:7,0
DA:8,0
DA:9,0
DA:17,0
DA:18,0
DA:19,0
DA:20,0
DA:28,0
DA:33,0
DA:45,0
DA:83,0
DA:91,0
DA:92,0
DA:94,0
DA:123,0
DA:124,0
DA:125,0
DA:128,0
DA:135,0
DA:136,0
DA:137,0
DA:140,0
DA:151,0
DA:158,0
DA:159,0
DA:161,0
DA:162,0
DA:163,0
DA:164,0
DA:166,0
DA:167,0
DA:169,0
DA:170,0
DA:171,0
DA:173,0
DA:174,0
DA:175,0
DA:176,0
DA:177,0
DA:179,0
DA:180,0
DA:183,0
DA:186,0
DA:187,0
DA:189,0
DA:190,0
DA:191,0
DA:193,0
DA:194,0
DA:196,0
DA:197,0
DA:199,0
DA:202,0
DA:204,0
DA:205,0
DA:206,0
DA:207,0
DA:210,0
DA:211,0
DA:212,0
DA:213,0
DA:214,0
DA:216,0
DA:220,0
DA:221,0
DA:223,0
DA:224,0
DA:225,0
DA:226,0
DA:228,0
DA:229,0
DA:233,0
DA:234,0
DA:235,0
DA:236,0
DA:237,0
DA:238,0
DA:240,0
DA:241,0
DA:242,0
DA:243,0
DA:244,0
DA:245,0
DA:247,0
DA:254,0
DA:255,0
DA:258,0
DA:259,0
DA:270,0
DA:271,0
DA:272,0
DA:275,0
DA:276,0
DA:277,0
DA:279,0
DA:290,0
DA:292,0
DA:293,0
DA:295,0
DA:302,0
DA:308,0
DA:312,0
DA:318,0
DA:322,0
LF:104
LH:0
BRDA:136,0,0,0
BRDA:136,0,1,0
BRDA:170,1,0,0
BRDA:170,1,1,0
BRDA:171,2,0,0
BRDA:171,2,1,0
BRDA:171,2,2,0
BRDA:176,3,0,0
BRDA:176,3,1,0
BRDA:179,4,0,0
BRDA:179,4,1,0
BRDA:191,5,0,0
BRDA:191,5,1,0
BRDA:196,6,0,0
BRDA:196,6,1,0
BRDA:210,7,0,0
BRDA:210,7,1,0
BRDA:224,8,0,0
BRDA:224,8,1,0
BRDA:224,9,0,0
BRDA:224,9,1,0
BRDA:228,10,0,0
BRDA:228,10,1,0
BRDA:308,11,0,0
BRDA:308,11,1,0
BRDA:318,12,0,0
BRDA:318,12,1,0
BRF:27
BRH:0
end_of_record
TN:
SF:lib/team/handoff.js
FN:22,(anonymous_0)
FN:58,(anonymous_1)
FN:71,(anonymous_2)
FN:90,(anonymous_3)
FN:111,(anonymous_4)
FN:130,(anonymous_5)
FN:154,(anonymous_6)
FNF:7
FNH:0
FNDA:0,(anonymous_0)
FNDA:0,(anonymous_1)
FNDA:0,(anonymous_2)
FNDA:0,(anonymous_3)
FNDA:0,(anonymous_4)
FNDA:0,(anonymous_5)
FNDA:0,(anonymous_6)
DA:6,0
DA:24,0
DA:27,0
DA:29,0
DA:30,0
DA:34,0
DA:35,0
DA:36,0
DA:40,0
DA:43,0
DA:52,0
DA:59,0
DA:61,0
DA:62,0
DA:72,0
DA:73,0
DA:75,0
DA:91,0
DA:92,0
DA:94,0
DA:104,0
DA:112,0
DA:113,0
DA:115,0
DA:116,0
DA:124,0
DA:132,0
DA:133,0
DA:137,0
DA:138,0
DA:142,0
DA:143,0
DA:144,0
DA:146,0
DA:155,0
DA:156,0
DA:162,0
DA:171,0
LF:38
LH:0
BRDA:22,0,0,0
BRDA:29,1,0,0
BRDA:29,1,1,0
BRDA:35,2,0,0
BRDA:35,2,1,0
BRDA:61,3,0,0
BRDA:61,3,1,0
BRDA:61,4,0,0
BRDA:61,4,1,0
BRDA:132,5,0,0
BRDA:132,5,1,0
BRDA:137,6,0,0
BRDA:137,6,1,0
BRDA:155,7,0,0
BRDA:155,7,1,0
BRF:15
BRH:0
end_of_record
TN:
SF:lib/team/pack.js
FN:14,(anonymous_0)
FN:38,(anonymous_1)
FN:60,(anonymous_2)
FN:61,(anonymous_3)
FN:67,(anonymous_4)
FN:68,(anonymous_5)
FN:74,(anonymous_6)
FN:75,(anonymous_7)
FN:94,(anonymous_8)
FN:118,(anonymous_9)
FN:135,(anonymous_10)
FN:161,(anonymous_11)
FN:171,(anonymous_12)
FN:191,(anonymous_13)
FN:202,(anonymous_14)
FN:211,(anonymous_15)
FN:218,(anonymous_16)
FN:225,(anonymous_17)
FN:232,(anonymous_18)
FN:239,(anonymous_19)
FN:246,(anonymous_20)
FN:253,(anonymous_21)
FN:260,(anonymous_22)
FN:262,(anonymous_23)
FN:268,(anonymous_24)
FN:270,(anonymous_25)
FN:276,(anonymous_26)
FN:278,(anonymous_27)
FN:288,(anonymous_28)
FN:333,(anonymous_29)
FNF:30
FNH:0
FNDA:0,(anonymous_0)
FNDA:0,(anonymous_1)
FNDA:0,(anonymous_2)
FNDA:0,(anonymous_3)
FNDA:0,(anonymous_4)
FNDA:0,(anonymous_5)
FNDA:0,(anonymous_6)
FNDA:0,(anonymous_7)
FNDA:0,(anonymous_8)
FNDA:0,(anonymous_9)
FNDA:0,(anonymous_10)
FNDA:0,(anonymous_11)
FNDA:0,(anonymous_12)
FNDA:0,(anonymous_13)
FNDA:0,(anonymous_14)
FNDA:0,(anonymous_15)
FNDA:0,(anonymous_16)
FNDA:0,(anonymous_17)
FNDA:0,(anonymous_18)
FNDA:0,(anonymous_19)
FNDA:0,(anonymous_20)
FNDA:0,(anonymous_21)
FNDA:0,(anonymous_22)
FNDA:0,(anonymous_23)
FNDA:0,(anonymous_24)
FNDA:0,(anonymous_25)
FNDA:0,(anonymous_26)
FNDA:0,(anonymous_27)
FNDA:0,(anonymous_28)
FNDA:0,(anonymous_29)
DA:6,0
DA:7,0
DA:8,0
DA:15,0
DA:16,0
DA:17,0
DA:18,0
DA:20,0
DA:21,0
DA:23,0
DA:31,0
DA:32,0
DA:39,0
DA:41,0
DA:50,0
DA:51,0
DA:52,0
DA:54,0
DA:61,0
DA:68,0
DA:75,0
DA:76,0
DA:77,0
DA:80,0
DA:81,0
DA:83,0
DA:84,0
DA:87,0
DA:88,0
DA:95,0
DA:96,0
DA:97,0
DA:100,0
DA:102,0
DA:103,0
DA:105,0
DA:106,0
DA:109,0
DA:110,0
DA:112,0
DA:119,0
DA:136,0
DA:142,0
DA:143,0
DA:144,0
DA:145,0
DA:146,0
DA:147,0
DA:149,0
DA:162,0
DA:163,0
DA:164,0
DA:165,0
DA:172,0
DA:174,0
DA:175,0
DA:176,0
DA:177,0
DA:179,0
DA:180,0
DA:184,0
DA:192,0
DA:193,0
DA:195,0
DA:196,0
DA:203,0
DA:204,0
DA:205,0
DA:212,0
DA:219,0
DA:226,0
DA:233,0
DA:240,0
DA:247,0
DA:254,0
DA:261,0
DA:262,0
DA:269,0
DA:270,0
DA:277,0
DA:279,0
DA:280,0
DA:289,0
DA:290,0
DA:293,0
DA:295,0
DA:302,0
DA:303,0
DA:306,0
DA:308,0
DA:309,0
DA:312,0
DA:313,0
DA:322,0
DA:323,0
DA:325,0
DA:326,0
DA:334,0
DA:338,0
LF:99
LH:0
BRDA:76,0,0,0
BRDA:76,0,1,0
BRDA:83,1,0,0
BRDA:83,1,1,0
BRDA:96,2,0,0
BRDA:96,2,1,0
BRDA:105,3,0,0
BRDA:105,3,1,0
BRDA:143,4,0,0
BRDA:143,4,1,0
BRDA:144,5,0,0
BRDA:144,5,1,0
BRDA:171,6,0,0
BRDA:179,7,0,0
BRDA:179,7,1,0
BRDA:191,8,0,0
BRDA:202,9,0,0
BRDA:289,10,0,0
BRDA:289,10,1,0
BRDA:289,11,0,0
BRDA:289,11,1,0
BRDA:302,12,0,0
BRDA:302,12,1,0
BRDA:306,13,0,0
BRDA:306,13,1,0
BRDA:322,14,0,0
BRDA:322,14,1,0
BRF:27
BRH:0
end_of_record
TN:
SF:lib/team/roles.js
FN:207,(anonymous_0)
FN:208,(anonymous_1)
FN:216,(anonymous_2)
FN:225,(anonymous_3)
FN:228,(anonymous_4)
FN:237,(anonymous_5)
FN:249,(anonymous_6)
FN:289,(anonymous_7)
FN:307,(anonymous_8)
FN:310,(anonymous_9)
FN:321,(anonymous_10)
FN:324,(anonymous_11)
FN:334,(anonymous_12)
FN:335,(anonymous_13)
FN:344,(anonymous_14)
FN:360,(anonymous_15)
FN:362,(anonymous_16)
FN:371,(anonymous_17)
FN:372,(anonymous_18)
FN:380,(anonymous_19)
FN:390,(anonymous_20)
FN:400,(anonymous_21)
FN:411,(anonymous_22)
FNF:23
FNH:0
FNDA:0,(anonymous_0)
FNDA:0,(anonymous_1)
FNDA:0,(anonymous_2)
FNDA:0,(anonymous_3)
FNDA:0,(anonymous_4)
FNDA:0,(anonymous_5)
FNDA:0,(anonymous_6)
FNDA:0,(anonymous_7)
FNDA:0,(anonymous_8)
FNDA:0,(anonymous_9)
FNDA:0,(anonymous_10)
FNDA:0,(anonymous_11)
FNDA:0,(anonymous_12)
FNDA:0,(anonymous_13)
FNDA:0,(anonymous_14)
FNDA:0,(anonymous_15)
FNDA:0,(anonymous_16)
FNDA:0,(anonymous_17)
FNDA:0,(anonymous_18)
FNDA:0,(anonymous_19)
FNDA:0,(anonymous_20)
FNDA:0,(anonymous_21)
FNDA:0,(anonymous_22)
DA:16,0
DA:208,0
DA:217,0
DA:226,0
DA:227,0
DA:228,0
DA:238,0
DA:239,0
DA:241,0
DA:250,0
DA:252,0
DA:253,0
DA:256,0
DA:257,0
DA:258,0
DA:260,0
DA:261,0
DA:264,0
DA:265,0
DA:266,0
DA:270,0
DA:271,0
DA:272,0
DA:276,0
DA:277,0
DA:278,0
DA:282,0
DA:283,0
DA:285,0
DA:289,0
DA:290,0
DA:291,0
DA:293,0
DA:294,0
DA:296,0
DA:299,0
DA:308,0
DA:309,0
DA:310,0
DA:312,0
DA:313,0
DA:322,0
DA:323,0
DA:324,0
DA:326,0
DA:327,0
DA:335,0
DA:345,0
DA:346,0
DA:347,0
DA:349,0
DA:350,0
DA:353,0
DA:361,0
DA:362,0
DA:372,0
DA:381,0
DA:382,0
DA:391,0
DA:392,0
DA:401,0
DA:402,0
DA:412,0
DA:413,0
DA:420,0
LF:65
LH:0
BRDA:217,0,0,0
BRDA:217,0,1,0
BRDA:227,1,0,0
BRDA:227,1,1,0
BRDA:238,2,0,0
BRDA:238,2,1,0
BRDA:238,3,0,0
BRDA:238,3,1,0
BRDA:250,4,0,0
BRDA:250,4,1,0
BRDA:264,5,0,0
BRDA:264,5,1,0
BRDA:270,6,0,0
BRDA:270,6,1,0
BRDA:277,7,0,0
BRDA:277,7,1,0
BRDA:282,8,0,0
BRDA:282,8,1,0
BRDA:282,9,0,0
BRDA:282,9,1,0
BRDA:285,10,0,0
BRDA:285,10,1,0
BRDA:290,11,0,0
BRDA:290,11,1,0
BRDA:293,12,0,0
BRDA:293,12,1,0
BRDA:312,13,0,0
BRDA:312,13,1,0
BRDA:326,14,0,0
BRDA:326,14,1,0
BRDA:349,15,0,0
BRDA:349,15,1,0
BRDA:349,16,0,0
BRDA:349,16,1,0
BRDA:372,17,0,0
BRDA:372,17,1,0
BRDA:413,18,0,0
BRDA:413,18,1,0
BRF:38
BRH:0
end_of_record
TN:
SF:lib/team/tracker.js
FN:14,(anonymous_0)
FN:46,(anonymous_1)
FN:62,(anonymous_2)
FN:78,(anonymous_3)
FN:87,(anonymous_4)
FN:95,(anonymous_5)
FN:97,(anonymous_6)
FN:136,(anonymous_7)
FN:144,(anonymous_8)
FN:155,(anonymous_9)
FN:163,(anonymous_10)
FN:171,(anonymous_11)
FN:203,(anonymous_12)
FN:220,(anonymous_13)
FN:221,(anonymous_14)
FN:227,(anonymous_15)
FN:228,(anonymous_16)
FN:234,(anonymous_17)
FN:235,(anonymous_18)
FN:241,(anonymous_19)
FN:242,(anonymous_20)
FN:248,(anonymous_21)
FN:276,(anonymous_22)
FN:296,(anonymous_23)
FN:301,(anonymous_24)
FN:321,(anonymous_25)
FN:326,(anonymous_26)
FN:345,(anonymous_27)
FNF:28
FNH:0
FNDA:0,(anonymous_0)
FNDA:0,(anonymous_1)
FNDA:0,(anonymous_2)
FNDA:0,(anonymous_3)
FNDA:0,(anonymous_4)
FNDA:0,(anonymous_5)
FNDA:0,(anonymous_6)
FNDA:0,(anonymous_7)
FNDA:0,(anonymous_8)
FNDA:0,(anonymous_9)
FNDA:0,(anonymous_10)
FNDA:0,(anonymous_11)
FNDA:0,(anonymous_12)
FNDA:0,(anonymous_13)
FNDA:0,(anonymous_14)
FNDA:0,(anonymous_15)
FNDA:0,(anonymous_16)
FNDA:0,(anonymous_17)
FNDA:0,(anonymous_18)
FNDA:0,(anonymous_19)
FNDA:0,(anonymous_20)
FNDA:0,(anonymous_21)
FNDA:0,(anonymous_22)
FNDA:0,(anonymous_23)
FNDA:0,(anonymous_24)
FNDA:0,(anonymous_25)
FNDA:0,(anonymous_26)
FNDA:0,(anonymous_27)
DA:6,0
DA:7,0
DA:8,0
DA:15,0
DA:16,0
DA:17,0
DA:18,0
DA:21,0
DA:22,0
DA:23,0
DA:26,0
DA:27,0
DA:30,0
DA:31,0
DA:32,0
DA:35,0
DA:47,0
DA:55,0
DA:56,0
DA:63,0
DA:64,0
DA:67,0
DA:68,0
DA:70,0
DA:71,0
DA:72,0
DA:79,0
DA:80,0
DA:81,0
DA:88,0
DA:95,0
DA:96,0
DA:97,0
DA:99,0
DA:100,0
DA:102,0
DA:103,0
DA:106,0
DA:137,0
DA:138,0
DA:145,0
DA:146,0
DA:156,0
DA:157,0
DA:164,0
DA:167,0
DA:169,0
DA:170,0
DA:171,0
DA:172,0
DA:180,0
DA:181,0
DA:182,0
DA:183,0
DA:184,0
DA:185,0
DA:186,0
DA:188,0
DA:192,0
DA:193,0
DA:197,0
DA:204,0
DA:211,0
DA:212,0
DA:214,0
DA:221,0
DA:228,0
DA:235,0
DA:242,0
DA:249,0
DA:250,0
DA:251,0
DA:255,0
DA:256,0
DA:258,0
DA:259,0
DA:263,0
DA:264,0
DA:268,0
DA:270,0
DA:277,0
DA:278,0
DA:279,0
DA:283,0
DA:285,0
DA:286,0
DA:288,0
DA:290,0
DA:297,0
DA:299,0
DA:301,0
DA:315,0
DA:322,0
DA:323,0
DA:325,0
DA:326,0
DA:330,0
DA:332,0
DA:346,0
DA:347,0
DA:349,0
DA:353,0
LF:102
LH:0
BRDA:46,0,0,0
BRDA:62,1,0,0
BRDA:63,2,0,0
BRDA:63,2,1,0
BRDA:80,3,0,0
BRDA:80,3,1,0
BRDA:99,4,0,0
BRDA:99,4,1,0
BRDA:102,5,0,0
BRDA:102,5,1,0
BRDA:163,6,0,0
BRDA:192,7,0,0
BRDA:192,7,1,0
BRDA:250,8,0,0
BRDA:250,8,1,0
BRDA:258,9,0,0
BRDA:258,9,1,0
BRDA:263,10,0,0
BRDA:263,10,1,0
BRDA:278,11,0,0
BRDA:278,11,1,0
BRDA:296,12,0,0
BRDA:330,13,0,0
BRDA:330,13,1,0
BRDA:347,14,0,0
BRDA:347,14,1,0
BRF:26
BRH:0
end_of_record
TN:
SF:lib/team/workflow-modes.js
FN:192,(anonymous_0)
FN:210,(anonymous_1)
FN:218,(anonymous_2)
FN:221,(anonymous_3)
FN:222,(anonymous_4)
FN:228,(anonymous_5)
FN:230,(anonymous_6)
FN:244,(anonymous_7)
FN:262,(anonymous_8)
FN:264,(anonymous_9)
FN:271,(anonymous_10)
FN:281,(anonymous_11)
FN:289,(anonymous_12)
FN:302,(anonymous_13)
FN:318,(anonymous_14)
FN:326,(anonymous_15)
FN:336,(anonymous_16)
FN:338,(anonymous_17)
FN:340,(anonymous_18)
FN:341,(anonymous_19)
FN:352,(anonymous_20)
FN:354,(anonymous_21)
FN:355,(anonymous_22)
FN:358,(anonymous_23)
FNF:24
FNH:0
FNDA:0,(anonymous_0)
FNDA:0,(anonymous_1)
FNDA:0,(anonymous_2)
FNDA:0,(anonymous_3)
FNDA:0,(anonymous_4)
FNDA:0,(anonymous_5)
FNDA:0,(anonymous_6)
FNDA:0,(anonymous_7)
FNDA:0,(anonymous_8)
FNDA:0,(anonymous_9)
FNDA:0,(anonymous_10)
FNDA:0,(anonymous_11)
FNDA:0,(anonymous_12)
FNDA:0,(anonymous_13)
FNDA:0,(anonymous_14)
FNDA:0,(anonymous_15)
FNDA:0,(anonymous_16)
FNDA:0,(anonymous_17)
FNDA:0,(anonymous_18)
FNDA:0,(anonymous_19)
FNDA:0,(anonymous_20)
FNDA:0,(anonymous_21)
FNDA:0,(anonymous_22)
FNDA:0,(anonymous_23)
DA:12,0
DA:18,0
DA:54,0
DA:90,0
DA:135,0
DA:193,0
DA:200,0
DA:201,0
DA:204,0
DA:211,0
DA:212,0
DA:219,0
DA:220,0
DA:221,0
DA:222,0
DA:229,0
DA:230,0
DA:232,0
DA:233,0
DA:236,0
DA:237,0
DA:238,0
DA:245,0
DA:246,0
DA:248,0
DA:249,0
DA:252,0
DA:253,0
DA:256,0
DA:263,0
DA:264,0
DA:272,0
DA:275,0
DA:276,0
DA:279,0
DA:281,0
DA:282,0
DA:285,0
DA:289,0
DA:291,0
DA:292,0
DA:296,0
DA:303,0
DA:305,0
DA:319,0
DA:320,0
DA:322,0
DA:326,0
DA:336,0
DA:338,0
DA:341,0
DA:342,0
DA:347,0
DA:353,0
DA:354,0
DA:355,0
DA:359,0
DA:361,0
DA:362,0
DA:363,0
DA:364,0
DA:365,0
DA:366,0
DA:367,0
DA:368,0
DA:369,0
DA:370,0
DA:371,0
DA:372,0
DA:373,0
DA:374,0
DA:375,0
DA:376,0
DA:379,0
DA:383,0
LF:75
LH:0
BRDA:200,0,0,0
BRDA:200,0,1,0
BRDA:232,1,0,0
BRDA:232,1,1,0
BRDA:236,2,0,0
BRDA:236,2,1,0
BRDA:237,3,0,0
BRDA:237,3,1,0
BRDA:248,4,0,0
BRDA:248,4,1,0
BRDA:252,5,0,0
BRDA:252,5,1,0
BRDA:275,6,0,0
BRDA:275,6,1,0
BRDA:282,7,0,0
BRDA:282,7,1,0
BRDA:285,8,0,0
BRDA:285,8,1,0
BRDA:291,9,0,0
BRDA:291,9,1,0
BRDA:329,10,0,0
BRDA:329,10,1,0
BRDA:330,11,0,0
BRDA:330,11,1,0
BRDA:331,12,0,0
BRDA:331,12,1,0
BRDA:354,13,0,0
BRDA:354,13,1,0
BRDA:361,14,0,0
BRDA:361,14,1,0
BRDA:365,15,0,0
BRDA:365,15,1,0
BRDA:369,16,0,0
BRDA:369,16,1,0
BRDA:373,17,0,0
BRDA:373,17,1,0
BRF:36
BRH:0
end_of_record
